New log file opened at Sat Jun 06 17:43:21 CEST 2015 by 9628@PC-Jorian
Taking next connection to: 54949
New client attempting to connect on port: 54950-54949
  Address = /192.168.0.104:54949
This client on port 54950 has uuid f07188c9-fc8d-4f19-a76b-8992d2d5af8d configName activator humanReadableName Activator protocolVersion 1 featureTags Vector()
Connected Clients: activator-f07188c9-fc8d-4f19-a76b-8992d2d5af8d
Taking next connection to: 54949
New client attempting to connect on port: 54951-54949
  Address = /192.168.0.104:54949
Handshake exception on socket: 54951
sbt.impl.ipc.HandshakeException: Unable to perform handshake
	at sbt.impl.ipc.Peer.handshake(IPC.scala:46)
	at sbt.impl.ipc.MultiClientServer.<init>(IPC.scala:150)
	at sbt.server.SbtServerSocketHandler$$anon$1.run(SbtServerSocketHandler.scala:43)
Caused by: java.net.SocketException: Software caused connection abort: recv failed
	at java.net.SocketInputStream.socketRead0(Native Method)
	at java.net.SocketInputStream.read(SocketInputStream.java:152)
	at java.net.SocketInputStream.read(SocketInputStream.java:122)
	at java.io.BufferedInputStream.fill(BufferedInputStream.java:235)
	at java.io.BufferedInputStream.read(BufferedInputStream.java:254)
	at java.io.DataInputStream.readInt(DataInputStream.java:387)
	at sbt.impl.ipc.Peer.receive(IPC.scala:95)
	at sbt.impl.ipc.Peer.handshake(IPC.scala:49)
	... 2 more
Taking next connection to: 54949
New client attempting to connect on port: 54952-54949
  Address = /192.168.0.104:54949
This client on port 54952 has uuid 8f75ec45-4773-4bfa-bca7-bce73db66fb5 configName activator humanReadableName Activator protocolVersion 1 featureTags Vector()
Connected Clients: activator-f07188c9-fc8d-4f19-a76b-8992d2d5af8d, activator-8f75ec45-4773-4bfa-bca7-bce73db66fb5
Taking next connection to: 54949
New client attempting to connect on port: 54963-54949
  Address = /192.168.0.104:54949
Handshake exception on socket: 54963
sbt.impl.ipc.HandshakeException: Unable to perform handshake
	at sbt.impl.ipc.Peer.handshake(IPC.scala:46)
	at sbt.impl.ipc.MultiClientServer.<init>(IPC.scala:150)
	at sbt.server.SbtServerSocketHandler$$anon$1.run(SbtServerSocketHandler.scala:43)
Caused by: java.net.SocketException: Software caused connection abort: recv failed
	at java.net.SocketInputStream.socketRead0(Native Method)
	at java.net.SocketInputStream.read(SocketInputStream.java:152)
	at java.net.SocketInputStream.read(SocketInputStream.java:122)
	at java.io.BufferedInputStream.fill(BufferedInputStream.java:235)
	at java.io.BufferedInputStream.read(BufferedInputStream.java:254)
	at java.io.DataInputStream.readInt(DataInputStream.java:387)
	at sbt.impl.ipc.Peer.receive(IPC.scala:95)
	at sbt.impl.ipc.Peer.handshake(IPC.scala:49)
	... 2 more
Taking next connection to: 54949
New client attempting to connect on port: 54964-54949
  Address = /192.168.0.104:54949
This client on port 54964 has uuid 272c7d38-ba61-4742-8311-467c073ccf12 configName play-fork-run humanReadableName Play Fork Run protocolVersion 1 featureTags Vector()
Connected Clients: activator-8f75ec45-4773-4bfa-bca7-bce73db66fb5, play-fork-run-272c7d38-ba61-4742-8311-467c073ccf12
Taking next connection to: 54949
Checking to see if clients are empty...
We have 1 non-daemon clients, continuing serving connections.
Taking next connection to: 54949
Checking to see if clients are empty...
We have 1 non-daemon clients, continuing serving connections.
Taking next connection to: 54949
Checking to see if clients are empty...
We have 1 non-daemon clients, continuing serving connections.
Taking next connection to: 54949
New client attempting to connect on port: 55248-54949
  Address = /192.168.0.104:54949
Handshake exception on socket: 55248
sbt.impl.ipc.HandshakeException: Unable to perform handshake
	at sbt.impl.ipc.Peer.handshake(IPC.scala:46)
	at sbt.impl.ipc.MultiClientServer.<init>(IPC.scala:150)
	at sbt.server.SbtServerSocketHandler$$anon$1.run(SbtServerSocketHandler.scala:43)
Caused by: java.net.SocketException: Software caused connection abort: recv failed
	at java.net.SocketInputStream.socketRead0(Native Method)
	at java.net.SocketInputStream.read(SocketInputStream.java:152)
	at java.net.SocketInputStream.read(SocketInputStream.java:122)
	at java.io.BufferedInputStream.fill(BufferedInputStream.java:235)
	at java.io.BufferedInputStream.read(BufferedInputStream.java:254)
	at java.io.DataInputStream.readInt(DataInputStream.java:387)
	at sbt.impl.ipc.Peer.receive(IPC.scala:95)
	at sbt.impl.ipc.Peer.handshake(IPC.scala:49)
	... 2 more
Taking next connection to: 54949
New client attempting to connect on port: 55249-54949
  Address = /192.168.0.104:54949
This client on port 55249 has uuid cb339c7d-248f-4e6b-8301-f3e5ed639f4d configName play-fork-run humanReadableName Play Fork Run protocolVersion 1 featureTags Vector()
Connected Clients: activator-8f75ec45-4773-4bfa-bca7-bce73db66fb5, play-fork-run-cb339c7d-248f-4e6b-8301-f3e5ed639f4d
Taking next connection to: 54949
New client attempting to connect on port: 55271-54949
  Address = /192.168.0.104:54949
Handshake exception on socket: 55271
sbt.impl.ipc.HandshakeException: Unable to perform handshake
	at sbt.impl.ipc.Peer.handshake(IPC.scala:46)
	at sbt.impl.ipc.MultiClientServer.<init>(IPC.scala:150)
	at sbt.server.SbtServerSocketHandler$$anon$1.run(SbtServerSocketHandler.scala:43)
Caused by: java.net.SocketException: Software caused connection abort: recv failed
	at java.net.SocketInputStream.socketRead0(Native Method)
	at java.net.SocketInputStream.read(SocketInputStream.java:152)
	at java.net.SocketInputStream.read(SocketInputStream.java:122)
	at java.io.BufferedInputStream.fill(BufferedInputStream.java:235)
	at java.io.BufferedInputStream.read(BufferedInputStream.java:254)
	at java.io.DataInputStream.readInt(DataInputStream.java:387)
	at sbt.impl.ipc.Peer.receive(IPC.scala:95)
	at sbt.impl.ipc.Peer.handshake(IPC.scala:49)
	... 2 more
Taking next connection to: 54949
New client attempting to connect on port: 55272-54949
  Address = /192.168.0.104:54949
This client on port 55272 has uuid ab2c6e69-bea9-436a-b8d3-b07282ce0b95 configName play-fork-run humanReadableName Play Fork Run protocolVersion 1 featureTags Vector()
Connected Clients: activator-8f75ec45-4773-4bfa-bca7-bce73db66fb5, play-fork-run-ab2c6e69-bea9-436a-b8d3-b07282ce0b95
Taking next connection to: 54949
Checking to see if clients are empty...
We have 1 non-daemon clients, continuing serving connections.
Taking next connection to: 54949
Checking to see if clients are empty...
We have 1 non-daemon clients, continuing serving connections.
Taking next connection to: 54949
