New log file opened at Sat Jun 06 17:43:21 CEST 2015 by 9628@PC-Jorian
jvm 9628@PC-Jorian
jvm vmName=Java HotSpot(TM) 64-Bit Server VM vmVendor=Oracle Corporation vmVersion=24.71-b01
jvm specName=Java Virtual Machine Specification specVendor=Oracle Corporation specVersion=1.7
jvm arguments: [-Xms256m, -Xmx1024m, -XX:PermSize=64m, -XX:MaxPermSize=256m]
Starting event engine
Starting sbt command engine
Waiting for sbt command engine
Command engine arguments=List()
Command engine baseDirectory=C:\Users\Jorian\Workspace-eclipse\NandaNicNoc
Command engine initial remaining commands List(--initialize, onFailure load-failed, boot, server-send-ready-for-request, server-handle-next-server-request)
> --initialize
> initialize
> onFailure load-failed
> boot
> reload
[Loading] Scanning directory C:\Users\Jorian\Workspace-eclipse\NandaNicNoc\project
[Loading] Found non-root projects 
[Loading] Done in C:\Users\Jorian\Workspace-eclipse\NandaNicNoc\project, returning: ()
deducing auto plugins based on known facts Set(Atom(sbt.plugins.CorePlugin)) and clauses Clauses(List(Clause(Atom(sbt.plugins.JvmPlugin),Set(Atom(sbt.plugins.IvyPlugin))), Clause(Atom(sbt.plugins.JUnitXmlReportPlugin),Set(Atom(sbt.plugins.JvmPlugin))), Clause(Atom(sbt.plugins.CorePlugin),Set(Atom(sbt.plugins.IvyPlugin))), Clause(Atom(sbt.plugins.IvyPlugin),Set(Atom(sbt.plugins.JvmPlugin))), Clause(Atom(sbt.plugins.JvmPlugin),Set(Atom(sbt.plugins.JUnitXmlReportPlugin)))))
  :: deduced result: Matched(sbt.plugins.CorePlugin,sbt.plugins.IvyPlugin,sbt.plugins.JvmPlugin,sbt.plugins.JUnitXmlReportPlugin)
sorting: ns: List(sbt.plugins.CorePlugin, sbt.plugins.IvyPlugin, sbt.plugins.JvmPlugin, sbt.plugins.JUnitXmlReportPlugin)
  :: sorting:: found: List(sbt.plugins.CorePlugin) not found List(sbt.plugins.IvyPlugin, sbt.plugins.JvmPlugin, sbt.plugins.JUnitXmlReportPlugin)
  :: sorting:: found: List(sbt.plugins.CorePlugin, sbt.plugins.IvyPlugin) not found List(sbt.plugins.JvmPlugin, sbt.plugins.JUnitXmlReportPlugin)
  :: sorting:: found: List(sbt.plugins.CorePlugin, sbt.plugins.IvyPlugin, sbt.plugins.JvmPlugin) not found List(sbt.plugins.JUnitXmlReportPlugin)
  :: sorting:: found: List(sbt.plugins.CorePlugin, sbt.plugins.IvyPlugin, sbt.plugins.JvmPlugin, sbt.plugins.JUnitXmlReportPlugin) not found List()
  :: sorted deduced result: List(sbt.plugins.CorePlugin, sbt.plugins.IvyPlugin, sbt.plugins.JvmPlugin, sbt.plugins.JUnitXmlReportPlugin)
[Loading] Done in C:\Users\Jorian\Workspace-eclipse\NandaNicNoc\project, returning: (nandanicnoc-build)
Loading project definition from C:\Users\Jorian\Workspace-eclipse\NandaNicNoc\project
Running task... Cancel: sbt.TaskCancellationStrategy$Null$@274adb3d, check cycles: false

Initial source changes: 
	removed:Set()
	added: Set()
	modified: Set()
Removed products: Set()
External API changes: API Changes: Set()
Modified binary dependencies: Set()
Initial directly invalidated sources: Set()

Sources indirectly invalidated by:
	product: Set()
	binary dep: Set()
	external source: Set()
All initially invalidated sources: Set()

Copy resource mappings: 
	
[Loading] Scanning directory C:\Users\Jorian\Workspace-eclipse\NandaNicNoc
[Loading] Found root project root w/ remaining 
deducing auto plugins based on known facts Set(Atom(play.PlayJava), Atom(sbt.plugins.CorePlugin)) and clauses Clauses(List(Clause(Atom(sbt.plugins.JvmPlugin),Set(Atom(sbt.plugins.IvyPlugin))), Clause(Atom(sbt.plugins.JUnitXmlReportPlugin),Set(Atom(sbt.plugins.JvmPlugin))), Clause(Atom(play.sbt.forkrun.PlayForkRun),Set(Atom(sbt.plugins.BackgroundRunPlugin))), Clause(Atom(play.sbt.forkrun.PlayForkRun),Set(Atom(play.Play))), Clause(Atom(play.sbt.forkrun.PlayForkRun),Set(Atom(sbt.plugins.SerializersPlugin))), Clause(Atom(play.Play),Set(Atom(com.typesafe.sbt.webdriver.SbtWebDriver))), Clause(Atom(play.Play),Set(Atom(play.twirl.sbt.SbtTwirl))), Clause(Atom(play.Play),Set(Atom(com.typesafe.sbt.jse.SbtJsTask))), Clause(Atom(play.PlayJava),Set(Atom(play.Play))), Clause(Atom(play.PlayScala),Set(Atom(play.Play))), Clause(Atom(play.twirl.sbt.SbtTwirl),Set(Atom(sbt.plugins.JvmPlugin))), Clause(Atom(com.typesafe.sbt.jse.SbtJsEngine),Set(Atom(com.typesafe.sbt.web.SbtWeb))), Clause(Atom(com.typesafe.sbt.jse.SbtJsTask),Set(Atom(com.typesafe.sbt.jse.SbtJsEngine))), Clause(Atom(com.typesafe.sbt.webdriver.SbtWebDriver),Set(Atom(com.typesafe.sbt.web.SbtWeb))), Clause(Atom(sbt.plugins.BackgroundRunPlugin),Set(Atom(sbt.plugins.JvmPlugin))), Clause(Atom(com.typesafe.sbt.coffeescript.SbtCoffeeScript),Set(Atom(com.typesafe.sbt.jse.SbtJsTask))), Clause(Atom(com.typesafe.sbt.less.SbtLess),Set(Atom(com.typesafe.sbt.jse.SbtJsTask))), Clause(Atom(com.typesafe.sbt.jshint.SbtJSHint),Set(Atom(com.typesafe.sbt.jse.SbtJsTask))), Clause(Atom(com.typesafe.sbt.rjs.SbtRjs),Set(Atom(com.typesafe.sbt.jse.SbtJsTask))), Clause(Atom(com.typesafe.sbt.digest.SbtDigest),Set(Atom(com.typesafe.sbt.web.SbtWeb))), Clause(Atom(com.typesafe.sbt.gzip.SbtGzip),Set(Atom(com.typesafe.sbt.web.SbtWeb))), Clause(Atom(com.typesafe.sbt.mocha.SbtMocha),Set(Atom(com.typesafe.sbt.jse.SbtJsTask))), Clause(Atom(sbt.plugins.CorePlugin),Set(Atom(sbt.plugins.IvyPlugin))), Clause(Atom(sbt.plugins.IvyPlugin),Set(Atom(sbt.plugins.JvmPlugin))), Clause(Atom(sbt.plugins.JvmPlugin),Set(Atom(sbt.plugins.JUnitXmlReportPlugin))), Clause(And(Set(Atom(sbt.plugins.BackgroundRunPlugin), Atom(play.Play), Atom(sbt.plugins.SerializersPlugin))),Set(Atom(play.sbt.forkrun.PlayForkRun))), Clause(Atom(com.typesafe.sbt.web.SbtWeb),Set(Atom(com.typesafe.sbt.jse.SbtJsEngine))), Clause(Atom(com.typesafe.sbt.jse.SbtJsEngine),Set(Atom(com.typesafe.sbt.jse.SbtJsTask))), Clause(Atom(com.typesafe.sbt.web.SbtWeb),Set(Atom(com.typesafe.sbt.webdriver.SbtWebDriver))), Clause(Atom(sbt.plugins.JvmPlugin),Set(Atom(sbt.plugins.BackgroundRunPlugin))), Clause(Atom(sbt.plugins.CorePlugin),Set(Atom(sbt.plugins.InteractionServicePlugin))), Clause(Atom(sbt.plugins.CorePlugin),Set(Atom(sbt.plugins.SendEventServicePlugin))), Clause(Atom(sbt.plugins.CorePlugin),Set(Atom(sbt.plugins.SerializersPlugin))), Clause(Atom(com.typesafe.sbt.jse.SbtJsTask),Set(Atom(com.typesafe.sbt.coffeescript.SbtCoffeeScript))), Clause(Atom(com.typesafe.sbt.jse.SbtJsTask),Set(Atom(com.typesafe.sbt.less.SbtLess))), Clause(Atom(com.typesafe.sbt.jse.SbtJsTask),Set(Atom(com.typesafe.sbt.jshint.SbtJSHint))), Clause(Atom(com.typesafe.sbt.jse.SbtJsTask),Set(Atom(com.typesafe.sbt.rjs.SbtRjs))), Clause(Atom(com.typesafe.sbt.web.SbtWeb),Set(Atom(com.typesafe.sbt.digest.SbtDigest))), Clause(Atom(com.typesafe.sbt.web.SbtWeb),Set(Atom(com.typesafe.sbt.gzip.SbtGzip))), Clause(Atom(com.typesafe.sbt.jse.SbtJsTask),Set(Atom(com.typesafe.sbt.mocha.SbtMocha)))))
  :: deduced result: Matched(sbt.plugins.CorePlugin,play.PlayJava,sbt.plugins.InteractionServicePlugin,sbt.plugins.SendEventServicePlugin,play.Play,sbt.plugins.SerializersPlugin,sbt.plugins.IvyPlugin,sbt.plugins.JvmPlugin,com.typesafe.sbt.jse.SbtJsTask,play.twirl.sbt.SbtTwirl,com.typesafe.sbt.webdriver.SbtWebDriver,com.typesafe.sbt.jshint.SbtJSHint,sbt.plugins.JUnitXmlReportPlugin,com.typesafe.sbt.mocha.SbtMocha,com.typesafe.sbt.less.SbtLess,com.typesafe.sbt.web.SbtWeb,com.typesafe.sbt.rjs.SbtRjs,com.typesafe.sbt.jse.SbtJsEngine,com.typesafe.sbt.coffeescript.SbtCoffeeScript,sbt.plugins.BackgroundRunPlugin,com.typesafe.sbt.gzip.SbtGzip,com.typesafe.sbt.digest.SbtDigest,play.sbt.forkrun.PlayForkRun)
sorting: ns: List(sbt.plugins.CorePlugin, play.PlayJava, sbt.plugins.InteractionServicePlugin, sbt.plugins.SendEventServicePlugin, play.Play, sbt.plugins.SerializersPlugin, sbt.plugins.IvyPlugin, sbt.plugins.JvmPlugin, com.typesafe.sbt.jse.SbtJsTask, play.twirl.sbt.SbtTwirl, com.typesafe.sbt.webdriver.SbtWebDriver, com.typesafe.sbt.jshint.SbtJSHint, sbt.plugins.JUnitXmlReportPlugin, com.typesafe.sbt.mocha.SbtMocha, com.typesafe.sbt.less.SbtLess, com.typesafe.sbt.web.SbtWeb, com.typesafe.sbt.rjs.SbtRjs, com.typesafe.sbt.jse.SbtJsEngine, com.typesafe.sbt.coffeescript.SbtCoffeeScript, sbt.plugins.BackgroundRunPlugin, com.typesafe.sbt.gzip.SbtGzip, com.typesafe.sbt.digest.SbtDigest, play.sbt.forkrun.PlayForkRun)
  :: sorting:: found: List(sbt.plugins.CorePlugin, com.typesafe.sbt.web.SbtWeb) not found List(play.PlayJava, sbt.plugins.InteractionServicePlugin, sbt.plugins.SendEventServicePlugin, play.Play, sbt.plugins.SerializersPlugin, sbt.plugins.IvyPlugin, sbt.plugins.JvmPlugin, com.typesafe.sbt.jse.SbtJsTask, play.twirl.sbt.SbtTwirl, com.typesafe.sbt.webdriver.SbtWebDriver, com.typesafe.sbt.jshint.SbtJSHint, sbt.plugins.JUnitXmlReportPlugin, com.typesafe.sbt.mocha.SbtMocha, com.typesafe.sbt.less.SbtLess, com.typesafe.sbt.rjs.SbtRjs, com.typesafe.sbt.jse.SbtJsEngine, com.typesafe.sbt.coffeescript.SbtCoffeeScript, sbt.plugins.BackgroundRunPlugin, com.typesafe.sbt.gzip.SbtGzip, com.typesafe.sbt.digest.SbtDigest, play.sbt.forkrun.PlayForkRun)
  :: sorting:: found: List(sbt.plugins.CorePlugin, com.typesafe.sbt.web.SbtWeb, sbt.plugins.InteractionServicePlugin, sbt.plugins.SendEventServicePlugin, sbt.plugins.SerializersPlugin, sbt.plugins.IvyPlugin, com.typesafe.sbt.webdriver.SbtWebDriver, com.typesafe.sbt.jse.SbtJsEngine, com.typesafe.sbt.gzip.SbtGzip, com.typesafe.sbt.digest.SbtDigest) not found List(play.PlayJava, play.Play, sbt.plugins.JvmPlugin, com.typesafe.sbt.jse.SbtJsTask, play.twirl.sbt.SbtTwirl, com.typesafe.sbt.jshint.SbtJSHint, sbt.plugins.JUnitXmlReportPlugin, com.typesafe.sbt.mocha.SbtMocha, com.typesafe.sbt.less.SbtLess, com.typesafe.sbt.rjs.SbtRjs, com.typesafe.sbt.coffeescript.SbtCoffeeScript, sbt.plugins.BackgroundRunPlugin, play.sbt.forkrun.PlayForkRun)
  :: sorting:: found: List(sbt.plugins.CorePlugin, com.typesafe.sbt.web.SbtWeb, sbt.plugins.InteractionServicePlugin, sbt.plugins.SendEventServicePlugin, sbt.plugins.SerializersPlugin, sbt.plugins.IvyPlugin, com.typesafe.sbt.webdriver.SbtWebDriver, com.typesafe.sbt.jse.SbtJsEngine, com.typesafe.sbt.gzip.SbtGzip, com.typesafe.sbt.digest.SbtDigest, sbt.plugins.JvmPlugin, com.typesafe.sbt.jse.SbtJsTask) not found List(play.PlayJava, play.Play, play.twirl.sbt.SbtTwirl, com.typesafe.sbt.jshint.SbtJSHint, sbt.plugins.JUnitXmlReportPlugin, com.typesafe.sbt.mocha.SbtMocha, com.typesafe.sbt.less.SbtLess, com.typesafe.sbt.rjs.SbtRjs, com.typesafe.sbt.coffeescript.SbtCoffeeScript, sbt.plugins.BackgroundRunPlugin, play.sbt.forkrun.PlayForkRun)
  :: sorting:: found: List(sbt.plugins.CorePlugin, com.typesafe.sbt.web.SbtWeb, sbt.plugins.InteractionServicePlugin, sbt.plugins.SendEventServicePlugin, sbt.plugins.SerializersPlugin, sbt.plugins.IvyPlugin, com.typesafe.sbt.webdriver.SbtWebDriver, com.typesafe.sbt.jse.SbtJsEngine, com.typesafe.sbt.gzip.SbtGzip, com.typesafe.sbt.digest.SbtDigest, sbt.plugins.JvmPlugin, com.typesafe.sbt.jse.SbtJsTask, play.twirl.sbt.SbtTwirl, com.typesafe.sbt.jshint.SbtJSHint, sbt.plugins.JUnitXmlReportPlugin, com.typesafe.sbt.mocha.SbtMocha, com.typesafe.sbt.less.SbtLess, com.typesafe.sbt.rjs.SbtRjs, com.typesafe.sbt.coffeescript.SbtCoffeeScript, sbt.plugins.BackgroundRunPlugin) not found List(play.PlayJava, play.Play, play.sbt.forkrun.PlayForkRun)
  :: sorting:: found: List(sbt.plugins.CorePlugin, com.typesafe.sbt.web.SbtWeb, sbt.plugins.InteractionServicePlugin, sbt.plugins.SendEventServicePlugin, sbt.plugins.SerializersPlugin, sbt.plugins.IvyPlugin, com.typesafe.sbt.webdriver.SbtWebDriver, com.typesafe.sbt.jse.SbtJsEngine, com.typesafe.sbt.gzip.SbtGzip, com.typesafe.sbt.digest.SbtDigest, sbt.plugins.JvmPlugin, com.typesafe.sbt.jse.SbtJsTask, play.twirl.sbt.SbtTwirl, com.typesafe.sbt.jshint.SbtJSHint, sbt.plugins.JUnitXmlReportPlugin, com.typesafe.sbt.mocha.SbtMocha, com.typesafe.sbt.less.SbtLess, com.typesafe.sbt.rjs.SbtRjs, com.typesafe.sbt.coffeescript.SbtCoffeeScript, sbt.plugins.BackgroundRunPlugin, play.Play) not found List(play.PlayJava, play.sbt.forkrun.PlayForkRun)
  :: sorting:: found: List(sbt.plugins.CorePlugin, com.typesafe.sbt.web.SbtWeb, sbt.plugins.InteractionServicePlugin, sbt.plugins.SendEventServicePlugin, sbt.plugins.SerializersPlugin, sbt.plugins.IvyPlugin, com.typesafe.sbt.webdriver.SbtWebDriver, com.typesafe.sbt.jse.SbtJsEngine, com.typesafe.sbt.gzip.SbtGzip, com.typesafe.sbt.digest.SbtDigest, sbt.plugins.JvmPlugin, com.typesafe.sbt.jse.SbtJsTask, play.twirl.sbt.SbtTwirl, com.typesafe.sbt.jshint.SbtJSHint, sbt.plugins.JUnitXmlReportPlugin, com.typesafe.sbt.mocha.SbtMocha, com.typesafe.sbt.less.SbtLess, com.typesafe.sbt.rjs.SbtRjs, com.typesafe.sbt.coffeescript.SbtCoffeeScript, sbt.plugins.BackgroundRunPlugin, play.Play, play.PlayJava, play.sbt.forkrun.PlayForkRun) not found List()
  :: sorted deduced result: List(sbt.plugins.CorePlugin, com.typesafe.sbt.web.SbtWeb, sbt.plugins.InteractionServicePlugin, sbt.plugins.SendEventServicePlugin, sbt.plugins.SerializersPlugin, sbt.plugins.IvyPlugin, com.typesafe.sbt.webdriver.SbtWebDriver, com.typesafe.sbt.jse.SbtJsEngine, com.typesafe.sbt.gzip.SbtGzip, com.typesafe.sbt.digest.SbtDigest, sbt.plugins.JvmPlugin, com.typesafe.sbt.jse.SbtJsTask, play.twirl.sbt.SbtTwirl, com.typesafe.sbt.jshint.SbtJSHint, sbt.plugins.JUnitXmlReportPlugin, com.typesafe.sbt.mocha.SbtMocha, com.typesafe.sbt.less.SbtLess, com.typesafe.sbt.rjs.SbtRjs, com.typesafe.sbt.coffeescript.SbtCoffeeScript, sbt.plugins.BackgroundRunPlugin, play.Play, play.PlayJava, play.sbt.forkrun.PlayForkRun)
[Loading] Done in C:\Users\Jorian\Workspace-eclipse\NandaNicNoc, returning: (root)
Set current project to computer-database-java (in build file:/C:/Users/Jorian/Workspace-eclipse/NandaNicNoc/)
Reapplying settings...
Set current project to computer-database-java (in build file:/C:/Users/Jorian/Workspace-eclipse/NandaNicNoc/)
> iflast shell
> server-send-ready-for-request
> server-handle-next-server-request
> compile
Evaluating tasks: compile:compile
Running task... Cancel: sbt.server.ServerTaskCancellation@1851a9cc, check cycles: false

Initial source changes: 
	removed:Set()
	added: Set()
	modified: Set()
Removed products: Set()
External API changes: API Changes: Set()
Modified binary dependencies: Set()
Initial directly invalidated sources: Set()

Sources indirectly invalidated by:
	product: Set()
	binary dep: Set()
	external source: Set()
All initially invalidated sources: Set()

Total time: 4 s, completed 6-jun-2015 17:43:36
> server-post-command-cleanup
> server-handle-next-server-request
> {file:/C:/Users/Jorian/Workspace-eclipse/NandaNicNoc/}root/compile:discoveredMainClasses
Evaluating tasks: compile:discoveredMainClasses
Running task... Cancel: sbt.server.ServerTaskCancellation@4b2a04c8, check cycles: false

Initial source changes: 
	removed:Set()
	added: Set()
	modified: Set()
Removed products: Set()
External API changes: API Changes: Set()
Modified binary dependencies: Set()
Initial directly invalidated sources: Set()

Sources indirectly invalidated by:
	product: Set()
	binary dep: Set()
	external source: Set()
All initially invalidated sources: Set()

Total time: 2 s, completed 6-jun-2015 17:43:39
> server-post-command-cleanup
> server-handle-next-server-request
> {file:/C:/Users/Jorian/Workspace-eclipse/NandaNicNoc/}root/compile:mainClass
Evaluating tasks: compile:mainClass
Running task... Cancel: sbt.server.ServerTaskCancellation@526a9b8b, check cycles: false
Total time: 0 s, completed 6-jun-2015 17:43:39
> server-post-command-cleanup
> server-handle-next-server-request
> {file:/C:/Users/Jorian/Workspace-eclipse/NandaNicNoc/}root/compile:discoveredMainClasses
Evaluating tasks: compile:discoveredMainClasses
Running task... Cancel: sbt.server.ServerTaskCancellation@4ff9e3a8, check cycles: false

Initial source changes: 
	removed:Set()
	added: Set()
	modified: Set()
Removed products: Set()
External API changes: API Changes: Set()
Modified binary dependencies: Set()
Initial directly invalidated sources: Set()

Sources indirectly invalidated by:
	product: Set()
	binary dep: Set()
	external source: Set()
All initially invalidated sources: Set()

Total time: 2 s, completed 6-jun-2015 17:43:41
> server-post-command-cleanup
> server-handle-next-server-request
> compile
Evaluating tasks: compile:compile
Running task... Cancel: sbt.server.ServerTaskCancellation@5226ab9, check cycles: false

Initial source changes: 
	removed:Set()
	added: Set()
	modified: Set()
Removed products: Set()
External API changes: API Changes: Set()
Modified binary dependencies: Set()
Initial directly invalidated sources: Set()

Sources indirectly invalidated by:
	product: Set()
	binary dep: Set()
	external source: Set()
All initially invalidated sources: Set()

Total time: 1 s, completed 6-jun-2015 17:43:47
> server-post-command-cleanup
> server-handle-next-server-request
> backgroundRun
Evaluating tasks: compile:backgroundRun
Running task... Cancel: sbt.server.ServerTaskCancellation@6d8ece95, check cycles: false
Total time: 0 s, completed 6-jun-2015 17:43:48
> server-post-command-cleanup
> server-handle-next-server-request
> {file:/C:/Users/Jorian/Workspace-eclipse/NandaNicNoc/}root/*:playForkConfig
Evaluating tasks: *:playForkConfig
Running task... Cancel: sbt.server.ServerTaskCancellation@1d7461de, check cycles: false
Total time: 1 s, completed 6-jun-2015 17:43:53
> server-post-command-cleanup
> server-handle-next-server-request
> root/playForkNotifyStart http://localhost:9000
Evaluating tasks: *:playForkNotifyStart
Running task... Cancel: sbt.server.ServerTaskCancellation@5772f11c, check cycles: false
Total time: 0 s, completed 6-jun-2015 17:43:55
> server-post-command-cleanup
> server-handle-next-server-request
> {file:/C:/Users/Jorian/Workspace-eclipse/NandaNicNoc/}root/*:playForkReload
Evaluating tasks: *:playForkReload
Running task... Cancel: sbt.server.ServerTaskCancellation@57419493, check cycles: false

Initial source changes: 
	removed:Set()
	added: Set()
	modified: Set()
Removed products: Set()
External API changes: API Changes: Set()
Modified binary dependencies: Set()
Initial directly invalidated sources: Set()

Sources indirectly invalidated by:
	product: Set()
	binary dep: Set()
	external source: Set()
All initially invalidated sources: Set()

Copy resource mappings: 
	(C:\Users\Jorian\Workspace-eclipse\NandaNicNoc\conf\application.conf,C:\Users\Jorian\Workspace-eclipse\NandaNicNoc\target\scala-2.11\classes\application.conf)
	(C:\Users\Jorian\Workspace-eclipse\NandaNicNoc\conf\evolutions,C:\Users\Jorian\Workspace-eclipse\NandaNicNoc\target\scala-2.11\classes\evolutions)
	(C:\Users\Jorian\Workspace-eclipse\NandaNicNoc\conf\logger.xml,C:\Users\Jorian\Workspace-eclipse\NandaNicNoc\target\scala-2.11\classes\logger.xml)
	(C:\Users\Jorian\Workspace-eclipse\NandaNicNoc\conf\messages,C:\Users\Jorian\Workspace-eclipse\NandaNicNoc\target\scala-2.11\classes\messages)
	(C:\Users\Jorian\Workspace-eclipse\NandaNicNoc\conf\nanda.sql,C:\Users\Jorian\Workspace-eclipse\NandaNicNoc\target\scala-2.11\classes\nanda.sql)
	(C:\Users\Jorian\Workspace-eclipse\NandaNicNoc\conf\routes,C:\Users\Jorian\Workspace-eclipse\NandaNicNoc\target\scala-2.11\classes\routes)
	(C:\Users\Jorian\Workspace-eclipse\NandaNicNoc\conf\evolutions\default,C:\Users\Jorian\Workspace-eclipse\NandaNicNoc\target\scala-2.11\classes\evolutions\default)
	(C:\Users\Jorian\Workspace-eclipse\NandaNicNoc\conf\evolutions\default\1.sql,C:\Users\Jorian\Workspace-eclipse\NandaNicNoc\target\scala-2.11\classes\evolutions\default\1.sql)
	(C:\Users\Jorian\Workspace-eclipse\NandaNicNoc\conf\evolutions\default\2.sql,C:\Users\Jorian\Workspace-eclipse\NandaNicNoc\target\scala-2.11\classes\evolutions\default\2.sql)
	(C:\Users\Jorian\Workspace-eclipse\NandaNicNoc\conf\evolutions\default\3.sql,C:\Users\Jorian\Workspace-eclipse\NandaNicNoc\target\scala-2.11\classes\evolutions\default\3.sql)
Total time: 3 s, completed 6-jun-2015 17:47:52
> server-post-command-cleanup
> server-handle-next-server-request
> compile
Evaluating tasks: compile:compile
Running task... Cancel: sbt.server.ServerTaskCancellation@362c3fd7, check cycles: false

Initial source changes: 
	removed:Set()
	added: Set()
	modified: Set(C:\Users\Jorian\Workspace-eclipse\NandaNicNoc\target\scala-2.11\src_managed\main\routes_routing.scala, C:\Users\Jorian\Workspace-eclipse\NandaNicNoc\target\scala-2.11\src_managed\main\controllers\routes.java, C:\Users\Jorian\Workspace-eclipse\NandaNicNoc\app\controllers\Application.java, C:\Users\Jorian\Workspace-eclipse\NandaNicNoc\target\scala-2.11\src_managed\main\routes_reverseRouting.scala)
Removed products: Set()
External API changes: API Changes: Set()
Modified binary dependencies: Set()
Initial directly invalidated sources: Set(C:\Users\Jorian\Workspace-eclipse\NandaNicNoc\target\scala-2.11\src_managed\main\routes_routing.scala, C:\Users\Jorian\Workspace-eclipse\NandaNicNoc\target\scala-2.11\src_managed\main\controllers\routes.java, C:\Users\Jorian\Workspace-eclipse\NandaNicNoc\app\controllers\Application.java, C:\Users\Jorian\Workspace-eclipse\NandaNicNoc\target\scala-2.11\src_managed\main\routes_reverseRouting.scala)

Sources indirectly invalidated by:
	product: Set()
	binary dep: Set()
	external source: Set()
All initially invalidated sources: Set(C:\Users\Jorian\Workspace-eclipse\NandaNicNoc\target\scala-2.11\src_managed\main\routes_routing.scala, C:\Users\Jorian\Workspace-eclipse\NandaNicNoc\target\scala-2.11\src_managed\main\controllers\routes.java, C:\Users\Jorian\Workspace-eclipse\NandaNicNoc\app\controllers\Application.java, C:\Users\Jorian\Workspace-eclipse\NandaNicNoc\target\scala-2.11\src_managed\main\routes_reverseRouting.scala)

Read from stdout: Compiling 2 Scala sources and 2 Java sources to C:\Users\Jorian\Workspace-eclipse\NandaNicNoc\target\scala-2.11\classes...
Compiling 2 Scala sources and 2 Java sources to C:\Users\Jorian\Workspace-eclipse\NandaNicNoc\target\scala-2.11\classes...
Getting compiler-interface from component compiler for Scala 2.11.4
Other repositories:
Default repositories:
Getting compiler-interface from component compiler for Scala 2.11.4
Other repositories:
Default repositories:
Running cached compiler 299ac38, interfacing (CompilerInterface) with Scala compiler version 2.11.4
Calling Scala compiler with arguments  (CompilerInterface):
	-deprecation
	-unchecked
	-encoding
	utf8
	-bootclasspath
	C:\Progra~1\Java\jdk1.7.0_71\jre\lib\resources.jar;C:\Progra~1\Java\jdk1.7.0_71\jre\lib\rt.jar;C:\Progra~1\Java\jdk1.7.0_71\jre\lib\sunrsasign.jar;C:\Progra~1\Java\jdk1.7.0_71\jre\lib\jsse.jar;C:\Progra~1\Java\jdk1.7.0_71\jre\lib\jce.jar;C:\Progra~1\Java\jdk1.7.0_71\jre\lib\charsets.jar;C:\Progra~1\Java\jdk1.7.0_71\jre\lib\jfr.jar;C:\Progra~1\Java\jdk1.7.0_71\jre\classes;C:\Users\Jorian\.ivy2\cache\org.scala-lang\scala-library\jars\scala-library-2.11.4.jar
	-classpath
	C:\Users\Jorian\Workspace-eclipse\NandaNicNoc\target\scala-2.11\classes;C:\Users\Jorian\Workspace-eclipse\NandaNicNoc\lib\mysql-connector-java-5.1.35-bin.jar;C:\Users\Jorian\Workspace-eclipse\NandaNicNoc\lib\poi-3.11-20141221.jar;C:\Users\Jorian\.ivy2\cache\com.typesafe.play\twirl-api_2.11\jars\twirl-api_2.11-1.0.2.jar;C:\Users\Jorian\.ivy2\cache\org.apache.commons\commons-lang3\jars\commons-lang3-3.1.jar;C:\Users\Jorian\.ivy2\cache\org.scala-lang.modules\scala-xml_2.11\bundles\scala-xml_2.11-1.0.1.jar;C:\Users\Jorian\.ivy2\cache\com.typesafe.play\play_2.11\jars\play_2.11-2.3.9.jar;C:\Users\Jorian\.ivy2\cache\com.typesafe.play\build-link\jars\build-link-2.3.9.jar;C:\Users\Jorian\.ivy2\cache\com.typesafe.play\play-exceptions\jars\play-exceptions-2.3.9.jar;C:\Users\Jorian\.ivy2\cache\com.typesafe.play\play-iteratees_2.11\jars\play-iteratees_2.11-2.3.9.jar;C:\Users\Jorian\.ivy2\cache\org.scala-stm\scala-stm_2.11\jars\scala-stm_2.11-0.7.jar;C:\Users\Jorian\.ivy2\cache\com.typesafe\config\bundles\config-1.2.1.jar;C:\Users\Jorian\.ivy2\cache\com.typesafe.play\play-json_2.11\jars\play-json_2.11-2.3.9.jar;C:\Users\Jorian\.ivy2\cache\com.typesafe.play\play-functional_2.11\jars\play-functional_2.11-2.3.9.jar;C:\Users\Jorian\.ivy2\cache\com.typesafe.play\play-datacommons_2.11\jars\play-datacommons_2.11-2.3.9.jar;C:\Users\Jorian\.ivy2\cache\joda-time\joda-time\jars\joda-time-2.3.jar;C:\Users\Jorian\.ivy2\cache\org.joda\joda-convert\jars\joda-convert-1.6.jar;C:\Users\Jorian\.ivy2\cache\com.fasterxml.jackson.core\jackson-annotations\bundles\jackson-annotations-2.3.2.jar;C:\Users\Jorian\.ivy2\cache\com.fasterxml.jackson.core\jackson-core\bundles\jackson-core-2.3.2.jar;C:\Users\Jorian\.ivy2\cache\com.fasterxml.jackson.core\jackson-databind\bundles\jackson-databind-2.3.2.jar;C:\Users\Jorian\.ivy2\cache\org.scala-lang\scala-reflect\jars\scala-reflect-2.11.1.jar;C:\Users\Jorian\.ivy2\cache\org.scala-lang.modules\scala-parser-combinators_2.11\bundles\scala-parser-combinators_2.11-1.0.1.jar;C:\Users\Jorian\.ivy2\cache\io.netty\netty\bundles\netty-3.9.8.Final.jar;C:\Users\Jorian\.ivy2\cache\com.typesafe.netty\netty-http-pipelining\jars\netty-http-pipelining-1.1.2.jar;C:\Users\Jorian\.ivy2\cache\org.slf4j\slf4j-api\jars\slf4j-api-1.7.6.jar;C:\Users\Jorian\.ivy2\cache\org.slf4j\jul-to-slf4j\jars\jul-to-slf4j-1.7.6.jar;C:\Users\Jorian\.ivy2\cache\org.slf4j\jcl-over-slf4j\jars\jcl-over-slf4j-1.7.6.jar;C:\Users\Jorian\.ivy2\cache\ch.qos.logback\logback-core\jars\logback-core-1.1.1.jar;C:\Users\Jorian\.ivy2\cache\ch.qos.logback\logback-classic\jars\logback-classic-1.1.1.jar;C:\Users\Jorian\.ivy2\cache\com.typesafe.akka\akka-actor_2.11\jars\akka-actor_2.11-2.3.4.jar;C:\Users\Jorian\.ivy2\cache\com.typesafe.akka\akka-slf4j_2.11\jars\akka-slf4j_2.11-2.3.4.jar;C:\Users\Jorian\.ivy2\cache\commons-codec\commons-codec\jars\commons-codec-1.9.jar;C:\Users\Jorian\.ivy2\cache\xerces\xercesImpl\jars\xercesImpl-2.11.0.jar;C:\Users\Jorian\.ivy2\cache\xml-apis\xml-apis\jars\xml-apis-1.4.01.jar;C:\Users\Jorian\.ivy2\cache\javax.transaction\jta\jars\jta-1.1.jar;C:\Users\Jorian\.ivy2\cache\com.typesafe.play\play-java_2.11\jars\play-java_2.11-2.3.9.jar;C:\Users\Jorian\.ivy2\cache\org.yaml\snakeyaml\bundles\snakeyaml-1.13.jar;C:\Users\Jorian\.ivy2\cache\org.hibernate\hibernate-validator\jars\hibernate-validator-5.0.3.Final.jar;C:\Users\Jorian\.ivy2\cache\javax.validation\validation-api\jars\validation-api-1.1.0.Final.jar;C:\Users\Jorian\.ivy2\cache\com.fasterxml\classmate\bundles\classmate-1.0.0.jar;C:\Users\Jorian\.ivy2\cache\org.jboss.logging\jboss-logging\jars\jboss-logging-3.2.0.Final.jar;C:\Users\Jorian\.ivy2\cache\org.springframework\spring-context\jars\spring-context-4.0.3.RELEASE.jar;C:\Users\Jorian\.ivy2\cache\org.springframework\spring-core\jars\spring-core-4.0.3.RELEASE.jar;C:\Users\Jorian\.ivy2\cache\org.springframework\spring-beans\jars\spring-beans-4.0.3.RELEASE.jar;C:\Users\Jorian\.ivy2\cache\org.javassist\javassist\bundles\javassist-3.19.0-GA.jar;C:\Users\Jorian\.ivy2\cache\org.reflections\reflections\jars\reflections-0.9.8.jar;C:\Users\Jorian\.ivy2\cache\com.google.guava\guava\bundles\guava-16.0.1.jar;C:\Users\Jorian\.ivy2\cache\dom4j\dom4j\jars\dom4j-1.6.1.jar;C:\Users\Jorian\.ivy2\cache\com.google.code.findbugs\jsr305\jars\jsr305-2.0.3.jar;C:\Users\Jorian\.ivy2\cache\org.apache.tomcat\tomcat-servlet-api\jars\tomcat-servlet-api-8.0.5.jar;C:\Users\Jorian\.ivy2\cache\com.typesafe.play\play-jdbc_2.11\jars\play-jdbc_2.11-2.3.9.jar;C:\Users\Jorian\.ivy2\cache\com.jolbox\bonecp\bundles\bonecp-0.8.0.RELEASE.jar;C:\Users\Jorian\.ivy2\cache\com.h2database\h2\jars\h2-1.3.175.jar;C:\Users\Jorian\.ivy2\cache\tyrex\tyrex\jars\tyrex-1.0.1.jar;C:\Users\Jorian\.ivy2\cache\com.typesafe.play\play-java-ebean_2.11\jars\play-java-ebean_2.11-2.3.9.jar;C:\Users\Jorian\.ivy2\cache\com.typesafe.play\play-java-jdbc_2.11\jars\play-java-jdbc_2.11-2.3.9.jar;C:\Users\Jorian\.ivy2\cache\org.avaje.ebeanorm\avaje-ebeanorm\jars\avaje-ebeanorm-3.3.4.jar;C:\Users\Jorian\.ivy2\cache\org.avaje.ebeanorm\avaje-ebeanorm-agent\jars\avaje-ebeanorm-agent-3.2.2.jar;C:\Users\Jorian\.ivy2\cache\org.hibernate.javax.persistence\hibernate-jpa-2.0-api\jars\hibernate-jpa-2.0-api-1.0.1.Final.jar;C:\Users\Jorian\.ivy2\cache\org.webjars\jquery\jars\jquery-2.1.1.jar;C:\Users\Jorian\.ivy2\cache\org.webjars\bootstrap\jars\bootstrap-3.3.1.jar
Scala compilation took 19.350826849 s
Attempting to call com.sun.tools.javac.api.JavacTool@5ab250b9 directly...
Read from stdout: C:\Users\Jorian\Workspace-eclipse\NandaNicNoc\app\controllers\Application.java: C:\Users\Jorian\Workspace-eclipse\NandaNicNoc\app\controllers\Application.java uses unchecked or unsafe operations.
C:\Users\Jorian\Workspace-eclipse\NandaNicNoc\app\controllers\Application.java: C:\Users\Jorian\Workspace-eclipse\NandaNicNoc\app\controllers\Application.java uses unchecked or unsafe operations.
Read from stdout: C:\Users\Jorian\Workspace-eclipse\NandaNicNoc\app\controllers\Application.java: Recompile with -Xlint:unchecked for details.
C:\Users\Jorian\Workspace-eclipse\NandaNicNoc\app\controllers\Application.java: Recompile with -Xlint:unchecked for details.
Java compilation took 1.110459737 s
Java analysis took 0.323145615 s
Java compile + analysis took 1.495352797 s
Invalidating C:\Users\Jorian\Workspace-eclipse\NandaNicNoc\app\controllers\Application.java...
Invalidating (transitively) by inheritance from C:\Users\Jorian\Workspace-eclipse\NandaNicNoc\app\controllers\Application.java...
Initial set of included nodes: Set(C:\Users\Jorian\Workspace-eclipse\NandaNicNoc\app\controllers\Application.java)
Invalidated by transitive inheritance dependency: Set(C:\Users\Jorian\Workspace-eclipse\NandaNicNoc\app\controllers\Application.java)
The C:\Users\Jorian\Workspace-eclipse\NandaNicNoc\app\controllers\Application.java source file has the following regular definitions changed:
	logout.
All member reference dependencies will be considered within this context.
Name hashing optimization doesn't apply to non-Scala dependency: C:\Users\Jorian\Workspace-eclipse\NandaNicNoc\app\controllers\CasusApplication.java
The following modified names cause invalidation of C:\Users\Jorian\Workspace-eclipse\NandaNicNoc\target\scala-2.11\src_managed\main\routes_routing.scala: Set(logout)
None of the modified names appears in C:\Users\Jorian\Workspace-eclipse\NandaNicNoc\target\scala-2.11\twirl\main\views\html\login.template.scala. This dependency is not being considered for invalidation.
Name hashing optimization doesn't apply to non-Scala dependency: C:\Users\Jorian\Workspace-eclipse\NandaNicNoc\app\controllers\ImportExcel.java
Name hashing optimization doesn't apply to non-Scala dependency: C:\Users\Jorian\Workspace-eclipse\NandaNicNoc\app\controllers\Application.java
The following modified names cause invalidation of C:\Users\Jorian\Workspace-eclipse\NandaNicNoc\target\scala-2.11\src_managed\main\routes_reverseRouting.scala: Set(logout)
Invalidating C:\Users\Jorian\Workspace-eclipse\NandaNicNoc\target\scala-2.11\src_managed\main\routes_reverseRouting.scala...
Invalidating (transitively) by inheritance from C:\Users\Jorian\Workspace-eclipse\NandaNicNoc\target\scala-2.11\src_managed\main\routes_reverseRouting.scala...
Initial set of included nodes: Set(C:\Users\Jorian\Workspace-eclipse\NandaNicNoc\target\scala-2.11\src_managed\main\routes_reverseRouting.scala)
Invalidated by transitive inheritance dependency: Set(C:\Users\Jorian\Workspace-eclipse\NandaNicNoc\target\scala-2.11\src_managed\main\routes_reverseRouting.scala)
The C:\Users\Jorian\Workspace-eclipse\NandaNicNoc\target\scala-2.11\src_managed\main\routes_reverseRouting.scala source file has the following regular definitions changed:
	logout.
All member reference dependencies will be considered within this context.
None of the modified names appears in C:\Users\Jorian\Workspace-eclipse\NandaNicNoc\target\scala-2.11\twirl\main\views\html\login.template.scala. This dependency is not being considered for invalidation.
None of the modified names appears in C:\Users\Jorian\Workspace-eclipse\NandaNicNoc\target\scala-2.11\twirl\main\views\html\createForm.template.scala. This dependency is not being considered for invalidation.
None of the modified names appears in C:\Users\Jorian\Workspace-eclipse\NandaNicNoc\target\scala-2.11\twirl\main\views\html\editForm.template.scala. This dependency is not being considered for invalidation.
Name hashing optimization doesn't apply to non-Scala dependency: C:\Users\Jorian\Workspace-eclipse\NandaNicNoc\app\controllers\Secured.java
None of the modified names appears in C:\Users\Jorian\Workspace-eclipse\NandaNicNoc\target\scala-2.11\twirl\main\views\html\casuslist.template.scala. This dependency is not being considered for invalidation.
Name hashing optimization doesn't apply to non-Scala dependency: C:\Users\Jorian\Workspace-eclipse\NandaNicNoc\target\scala-2.11\src_managed\main\controllers\routes.java
None of the modified names appears in C:\Users\Jorian\Workspace-eclipse\NandaNicNoc\target\scala-2.11\twirl\main\views\html\main.template.scala. This dependency is not being considered for invalidation.
Name hashing optimization doesn't apply to non-Scala dependency: C:\Users\Jorian\Workspace-eclipse\NandaNicNoc\app\controllers\Application.java
None of the modified names appears in C:\Users\Jorian\Workspace-eclipse\NandaNicNoc\target\scala-2.11\twirl\main\views\html\list.template.scala. This dependency is not being considered for invalidation.
None of the modified names appears in C:\Users\Jorian\Workspace-eclipse\NandaNicNoc\target\scala-2.11\twirl\main\views\html\createCasusform.template.scala. This dependency is not being considered for invalidation.
None of the modified names appears in C:\Users\Jorian\Workspace-eclipse\NandaNicNoc\target\scala-2.11\twirl\main\views\html\editCasusform.template.scala. This dependency is not being considered for invalidation.
New invalidations:
	Set(C:\Users\Jorian\Workspace-eclipse\NandaNicNoc\app\controllers\CasusApplication.java, C:\Users\Jorian\Workspace-eclipse\NandaNicNoc\target\scala-2.11\src_managed\main\routes_routing.scala, C:\Users\Jorian\Workspace-eclipse\NandaNicNoc\app\controllers\Secured.java, C:\Users\Jorian\Workspace-eclipse\NandaNicNoc\app\controllers\ImportExcel.java, C:\Users\Jorian\Workspace-eclipse\NandaNicNoc\target\scala-2.11\src_managed\main\controllers\routes.java)
Initial set of included nodes: Set(C:\Users\Jorian\Workspace-eclipse\NandaNicNoc\app\controllers\CasusApplication.java, C:\Users\Jorian\Workspace-eclipse\NandaNicNoc\target\scala-2.11\src_managed\main\routes_routing.scala, C:\Users\Jorian\Workspace-eclipse\NandaNicNoc\app\controllers\Secured.java, C:\Users\Jorian\Workspace-eclipse\NandaNicNoc\app\controllers\ImportExcel.java, C:\Users\Jorian\Workspace-eclipse\NandaNicNoc\target\scala-2.11\src_managed\main\controllers\routes.java)
Including C:\Users\Jorian\Workspace-eclipse\NandaNicNoc\target\scala-2.11\src_managed\main\routes_reverseRouting.scala by C:\Users\Jorian\Workspace-eclipse\NandaNicNoc\app\controllers\CasusApplication.java
Including C:\Users\Jorian\Workspace-eclipse\NandaNicNoc\target\scala-2.11\twirl\main\views\html\login.template.scala by C:\Users\Jorian\Workspace-eclipse\NandaNicNoc\target\scala-2.11\src_managed\main\routes_reverseRouting.scala
Including C:\Users\Jorian\Workspace-eclipse\NandaNicNoc\app\controllers\Application.java by C:\Users\Jorian\Workspace-eclipse\NandaNicNoc\target\scala-2.11\twirl\main\views\html\login.template.scala
Including C:\Users\Jorian\Workspace-eclipse\NandaNicNoc\target\scala-2.11\src_managed\main\routes_routing.scala by C:\Users\Jorian\Workspace-eclipse\NandaNicNoc\app\controllers\Application.java
Including C:\Users\Jorian\Workspace-eclipse\NandaNicNoc\app\controllers\ImportExcel.java by C:\Users\Jorian\Workspace-eclipse\NandaNicNoc\app\controllers\Application.java
Including C:\Users\Jorian\Workspace-eclipse\NandaNicNoc\target\scala-2.11\twirl\main\views\html\createForm.template.scala by C:\Users\Jorian\Workspace-eclipse\NandaNicNoc\target\scala-2.11\src_managed\main\routes_reverseRouting.scala
Including C:\Users\Jorian\Workspace-eclipse\NandaNicNoc\target\scala-2.11\twirl\main\views\html\editForm.template.scala by C:\Users\Jorian\Workspace-eclipse\NandaNicNoc\target\scala-2.11\src_managed\main\routes_reverseRouting.scala
Including C:\Users\Jorian\Workspace-eclipse\NandaNicNoc\app\controllers\Secured.java by C:\Users\Jorian\Workspace-eclipse\NandaNicNoc\target\scala-2.11\src_managed\main\routes_reverseRouting.scala
Including C:\Users\Jorian\Workspace-eclipse\NandaNicNoc\target\scala-2.11\twirl\main\views\html\casuslist.template.scala by C:\Users\Jorian\Workspace-eclipse\NandaNicNoc\target\scala-2.11\src_managed\main\routes_reverseRouting.scala
Including C:\Users\Jorian\Workspace-eclipse\NandaNicNoc\target\scala-2.11\src_managed\main\controllers\routes.java by C:\Users\Jorian\Workspace-eclipse\NandaNicNoc\target\scala-2.11\src_managed\main\routes_reverseRouting.scala
Including C:\Users\Jorian\Workspace-eclipse\NandaNicNoc\target\scala-2.11\twirl\main\views\html\main.template.scala by C:\Users\Jorian\Workspace-eclipse\NandaNicNoc\target\scala-2.11\src_managed\main\controllers\routes.java
Including C:\Users\Jorian\Workspace-eclipse\NandaNicNoc\target\scala-2.11\twirl\main\views\html\nic.template.scala by C:\Users\Jorian\Workspace-eclipse\NandaNicNoc\target\scala-2.11\twirl\main\views\html\main.template.scala
Including C:\Users\Jorian\Workspace-eclipse\NandaNicNoc\target\scala-2.11\twirl\main\views\html\nic_diagnose.template.scala by C:\Users\Jorian\Workspace-eclipse\NandaNicNoc\target\scala-2.11\twirl\main\views\html\main.template.scala
Including C:\Users\Jorian\Workspace-eclipse\NandaNicNoc\target\scala-2.11\twirl\main\views\html\list.template.scala by C:\Users\Jorian\Workspace-eclipse\NandaNicNoc\target\scala-2.11\twirl\main\views\html\main.template.scala
Including C:\Users\Jorian\Workspace-eclipse\NandaNicNoc\target\scala-2.11\twirl\main\views\html\createCasusform.template.scala by C:\Users\Jorian\Workspace-eclipse\NandaNicNoc\target\scala-2.11\twirl\main\views\html\main.template.scala
Including C:\Users\Jorian\Workspace-eclipse\NandaNicNoc\target\scala-2.11\twirl\main\views\html\editCasusform.template.scala by C:\Users\Jorian\Workspace-eclipse\NandaNicNoc\target\scala-2.11\twirl\main\views\html\main.template.scala
Previously invalidated, but (transitively) depend on new invalidations:
	Set(C:\Users\Jorian\Workspace-eclipse\NandaNicNoc\app\controllers\Application.java, C:\Users\Jorian\Workspace-eclipse\NandaNicNoc\target\scala-2.11\src_managed\main\routes_reverseRouting.scala)
All newly invalidated sources after taking into account (previously) recompiled sources:Set(C:\Users\Jorian\Workspace-eclipse\NandaNicNoc\app\controllers\CasusApplication.java, C:\Users\Jorian\Workspace-eclipse\NandaNicNoc\app\controllers\Secured.java, C:\Users\Jorian\Workspace-eclipse\NandaNicNoc\app\controllers\ImportExcel.java)
Read from stdout: Compiling 2 Scala sources and 5 Java sources to C:\Users\Jorian\Workspace-eclipse\NandaNicNoc\target\scala-2.11\classes...
Compiling 2 Scala sources and 5 Java sources to C:\Users\Jorian\Workspace-eclipse\NandaNicNoc\target\scala-2.11\classes...
Getting compiler-interface from component compiler for Scala 2.11.4
Other repositories:
Default repositories:
Getting compiler-interface from component compiler for Scala 2.11.4
Other repositories:
Default repositories:
Running cached compiler 6580140f, interfacing (CompilerInterface) with Scala compiler version 2.11.4
Calling Scala compiler with arguments  (CompilerInterface):
	-deprecation
	-unchecked
	-encoding
	utf8
	-bootclasspath
	C:\Progra~1\Java\jdk1.7.0_71\jre\lib\resources.jar;C:\Progra~1\Java\jdk1.7.0_71\jre\lib\rt.jar;C:\Progra~1\Java\jdk1.7.0_71\jre\lib\sunrsasign.jar;C:\Progra~1\Java\jdk1.7.0_71\jre\lib\jsse.jar;C:\Progra~1\Java\jdk1.7.0_71\jre\lib\jce.jar;C:\Progra~1\Java\jdk1.7.0_71\jre\lib\charsets.jar;C:\Progra~1\Java\jdk1.7.0_71\jre\lib\jfr.jar;C:\Progra~1\Java\jdk1.7.0_71\jre\classes;C:\Users\Jorian\.ivy2\cache\org.scala-lang\scala-library\jars\scala-library-2.11.4.jar
	-classpath
	C:\Users\Jorian\Workspace-eclipse\NandaNicNoc\target\scala-2.11\classes;C:\Users\Jorian\Workspace-eclipse\NandaNicNoc\lib\mysql-connector-java-5.1.35-bin.jar;C:\Users\Jorian\Workspace-eclipse\NandaNicNoc\lib\poi-3.11-20141221.jar;C:\Users\Jorian\.ivy2\cache\com.typesafe.play\twirl-api_2.11\jars\twirl-api_2.11-1.0.2.jar;C:\Users\Jorian\.ivy2\cache\org.apache.commons\commons-lang3\jars\commons-lang3-3.1.jar;C:\Users\Jorian\.ivy2\cache\org.scala-lang.modules\scala-xml_2.11\bundles\scala-xml_2.11-1.0.1.jar;C:\Users\Jorian\.ivy2\cache\com.typesafe.play\play_2.11\jars\play_2.11-2.3.9.jar;C:\Users\Jorian\.ivy2\cache\com.typesafe.play\build-link\jars\build-link-2.3.9.jar;C:\Users\Jorian\.ivy2\cache\com.typesafe.play\play-exceptions\jars\play-exceptions-2.3.9.jar;C:\Users\Jorian\.ivy2\cache\com.typesafe.play\play-iteratees_2.11\jars\play-iteratees_2.11-2.3.9.jar;C:\Users\Jorian\.ivy2\cache\org.scala-stm\scala-stm_2.11\jars\scala-stm_2.11-0.7.jar;C:\Users\Jorian\.ivy2\cache\com.typesafe\config\bundles\config-1.2.1.jar;C:\Users\Jorian\.ivy2\cache\com.typesafe.play\play-json_2.11\jars\play-json_2.11-2.3.9.jar;C:\Users\Jorian\.ivy2\cache\com.typesafe.play\play-functional_2.11\jars\play-functional_2.11-2.3.9.jar;C:\Users\Jorian\.ivy2\cache\com.typesafe.play\play-datacommons_2.11\jars\play-datacommons_2.11-2.3.9.jar;C:\Users\Jorian\.ivy2\cache\joda-time\joda-time\jars\joda-time-2.3.jar;C:\Users\Jorian\.ivy2\cache\org.joda\joda-convert\jars\joda-convert-1.6.jar;C:\Users\Jorian\.ivy2\cache\com.fasterxml.jackson.core\jackson-annotations\bundles\jackson-annotations-2.3.2.jar;C:\Users\Jorian\.ivy2\cache\com.fasterxml.jackson.core\jackson-core\bundles\jackson-core-2.3.2.jar;C:\Users\Jorian\.ivy2\cache\com.fasterxml.jackson.core\jackson-databind\bundles\jackson-databind-2.3.2.jar;C:\Users\Jorian\.ivy2\cache\org.scala-lang\scala-reflect\jars\scala-reflect-2.11.1.jar;C:\Users\Jorian\.ivy2\cache\org.scala-lang.modules\scala-parser-combinators_2.11\bundles\scala-parser-combinators_2.11-1.0.1.jar;C:\Users\Jorian\.ivy2\cache\io.netty\netty\bundles\netty-3.9.8.Final.jar;C:\Users\Jorian\.ivy2\cache\com.typesafe.netty\netty-http-pipelining\jars\netty-http-pipelining-1.1.2.jar;C:\Users\Jorian\.ivy2\cache\org.slf4j\slf4j-api\jars\slf4j-api-1.7.6.jar;C:\Users\Jorian\.ivy2\cache\org.slf4j\jul-to-slf4j\jars\jul-to-slf4j-1.7.6.jar;C:\Users\Jorian\.ivy2\cache\org.slf4j\jcl-over-slf4j\jars\jcl-over-slf4j-1.7.6.jar;C:\Users\Jorian\.ivy2\cache\ch.qos.logback\logback-core\jars\logback-core-1.1.1.jar;C:\Users\Jorian\.ivy2\cache\ch.qos.logback\logback-classic\jars\logback-classic-1.1.1.jar;C:\Users\Jorian\.ivy2\cache\com.typesafe.akka\akka-actor_2.11\jars\akka-actor_2.11-2.3.4.jar;C:\Users\Jorian\.ivy2\cache\com.typesafe.akka\akka-slf4j_2.11\jars\akka-slf4j_2.11-2.3.4.jar;C:\Users\Jorian\.ivy2\cache\commons-codec\commons-codec\jars\commons-codec-1.9.jar;C:\Users\Jorian\.ivy2\cache\xerces\xercesImpl\jars\xercesImpl-2.11.0.jar;C:\Users\Jorian\.ivy2\cache\xml-apis\xml-apis\jars\xml-apis-1.4.01.jar;C:\Users\Jorian\.ivy2\cache\javax.transaction\jta\jars\jta-1.1.jar;C:\Users\Jorian\.ivy2\cache\com.typesafe.play\play-java_2.11\jars\play-java_2.11-2.3.9.jar;C:\Users\Jorian\.ivy2\cache\org.yaml\snakeyaml\bundles\snakeyaml-1.13.jar;C:\Users\Jorian\.ivy2\cache\org.hibernate\hibernate-validator\jars\hibernate-validator-5.0.3.Final.jar;C:\Users\Jorian\.ivy2\cache\javax.validation\validation-api\jars\validation-api-1.1.0.Final.jar;C:\Users\Jorian\.ivy2\cache\com.fasterxml\classmate\bundles\classmate-1.0.0.jar;C:\Users\Jorian\.ivy2\cache\org.jboss.logging\jboss-logging\jars\jboss-logging-3.2.0.Final.jar;C:\Users\Jorian\.ivy2\cache\org.springframework\spring-context\jars\spring-context-4.0.3.RELEASE.jar;C:\Users\Jorian\.ivy2\cache\org.springframework\spring-core\jars\spring-core-4.0.3.RELEASE.jar;C:\Users\Jorian\.ivy2\cache\org.springframework\spring-beans\jars\spring-beans-4.0.3.RELEASE.jar;C:\Users\Jorian\.ivy2\cache\org.javassist\javassist\bundles\javassist-3.19.0-GA.jar;C:\Users\Jorian\.ivy2\cache\org.reflections\reflections\jars\reflections-0.9.8.jar;C:\Users\Jorian\.ivy2\cache\com.google.guava\guava\bundles\guava-16.0.1.jar;C:\Users\Jorian\.ivy2\cache\dom4j\dom4j\jars\dom4j-1.6.1.jar;C:\Users\Jorian\.ivy2\cache\com.google.code.findbugs\jsr305\jars\jsr305-2.0.3.jar;C:\Users\Jorian\.ivy2\cache\org.apache.tomcat\tomcat-servlet-api\jars\tomcat-servlet-api-8.0.5.jar;C:\Users\Jorian\.ivy2\cache\com.typesafe.play\play-jdbc_2.11\jars\play-jdbc_2.11-2.3.9.jar;C:\Users\Jorian\.ivy2\cache\com.jolbox\bonecp\bundles\bonecp-0.8.0.RELEASE.jar;C:\Users\Jorian\.ivy2\cache\com.h2database\h2\jars\h2-1.3.175.jar;C:\Users\Jorian\.ivy2\cache\tyrex\tyrex\jars\tyrex-1.0.1.jar;C:\Users\Jorian\.ivy2\cache\com.typesafe.play\play-java-ebean_2.11\jars\play-java-ebean_2.11-2.3.9.jar;C:\Users\Jorian\.ivy2\cache\com.typesafe.play\play-java-jdbc_2.11\jars\play-java-jdbc_2.11-2.3.9.jar;C:\Users\Jorian\.ivy2\cache\org.avaje.ebeanorm\avaje-ebeanorm\jars\avaje-ebeanorm-3.3.4.jar;C:\Users\Jorian\.ivy2\cache\org.avaje.ebeanorm\avaje-ebeanorm-agent\jars\avaje-ebeanorm-agent-3.2.2.jar;C:\Users\Jorian\.ivy2\cache\org.hibernate.javax.persistence\hibernate-jpa-2.0-api\jars\hibernate-jpa-2.0-api-1.0.1.Final.jar;C:\Users\Jorian\.ivy2\cache\org.webjars\jquery\jars\jquery-2.1.1.jar;C:\Users\Jorian\.ivy2\cache\org.webjars\bootstrap\jars\bootstrap-3.3.1.jar
Scala compilation took 9.285343577 s
Attempting to call com.sun.tools.javac.api.JavacTool@5ab250b9 directly...
Read from stdout: C:\Users\Jorian\Workspace-eclipse\NandaNicNoc\app\controllers\Application.java: C:\Users\Jorian\Workspace-eclipse\NandaNicNoc\app\controllers\Application.java uses unchecked or unsafe operations.
C:\Users\Jorian\Workspace-eclipse\NandaNicNoc\app\controllers\Application.java: C:\Users\Jorian\Workspace-eclipse\NandaNicNoc\app\controllers\Application.java uses unchecked or unsafe operations.
Read from stdout: C:\Users\Jorian\Workspace-eclipse\NandaNicNoc\app\controllers\Application.java: Recompile with -Xlint:unchecked for details.
C:\Users\Jorian\Workspace-eclipse\NandaNicNoc\app\controllers\Application.java: Recompile with -Xlint:unchecked for details.
Java compilation took 0.677512055 s
Java analysis took 0.477365414 s
Java compile + analysis took 1.203431704 s
New invalidations:
	Set()
Initial set of included nodes: Set()
Previously invalidated, but (transitively) depend on new invalidations:
	Set()
All newly invalidated sources after taking into account (previously) recompiled sources:Set()
Total time: 35 s, completed 6-jun-2015 17:53:56
> server-post-command-cleanup
> server-handle-next-server-request
> jobStop 1
Evaluating tasks: *:jobStop
Running task... Cancel: sbt.server.ServerTaskCancellation@50050ac0, check cycles: false
Total time: 0 s, completed 6-jun-2015 17:53:56
> server-post-command-cleanup
> server-handle-next-server-request
> backgroundRun
Evaluating tasks: compile:backgroundRun
Running task... Cancel: sbt.server.ServerTaskCancellation@40d5123e, check cycles: false
Total time: 0 s, completed 6-jun-2015 17:53:57
> server-post-command-cleanup
> server-handle-next-server-request
> {file:/C:/Users/Jorian/Workspace-eclipse/NandaNicNoc/}root/*:playForkConfig
Evaluating tasks: *:playForkConfig
Running task... Cancel: sbt.server.ServerTaskCancellation@492f2c72, check cycles: false
Total time: 1 s, completed 6-jun-2015 17:54:01
> server-post-command-cleanup
> server-handle-next-server-request
> root/playForkNotifyStart http://localhost:9000
Evaluating tasks: *:playForkNotifyStart
Running task... Cancel: sbt.server.ServerTaskCancellation@4b1b3344, check cycles: false
Total time: 0 s, completed 6-jun-2015 17:54:02
> server-post-command-cleanup
> server-handle-next-server-request
> compile
Evaluating tasks: compile:compile
Running task... Cancel: sbt.server.ServerTaskCancellation@6a17eb85, check cycles: false

Initial source changes: 
	removed:Set()
	added: Set()
	modified: Set(C:\Users\Jorian\Workspace-eclipse\NandaNicNoc\target\scala-2.11\twirl\main\views\html\login.template.scala, C:\Users\Jorian\Workspace-eclipse\NandaNicNoc\target\scala-2.11\twirl\main\views\html\main.template.scala)
Removed products: Set()
External API changes: API Changes: Set()
Modified binary dependencies: Set()
Initial directly invalidated sources: Set(C:\Users\Jorian\Workspace-eclipse\NandaNicNoc\target\scala-2.11\twirl\main\views\html\login.template.scala, C:\Users\Jorian\Workspace-eclipse\NandaNicNoc\target\scala-2.11\twirl\main\views\html\main.template.scala)

Sources indirectly invalidated by:
	product: Set()
	binary dep: Set()
	external source: Set()
All initially invalidated sources: Set(C:\Users\Jorian\Workspace-eclipse\NandaNicNoc\target\scala-2.11\twirl\main\views\html\login.template.scala, C:\Users\Jorian\Workspace-eclipse\NandaNicNoc\target\scala-2.11\twirl\main\views\html\main.template.scala)

Read from stdout: Compiling 2 Scala sources to C:\Users\Jorian\Workspace-eclipse\NandaNicNoc\target\scala-2.11\classes...
Compiling 2 Scala sources to C:\Users\Jorian\Workspace-eclipse\NandaNicNoc\target\scala-2.11\classes...
Getting compiler-interface from component compiler for Scala 2.11.4
Other repositories:
Default repositories:
Getting compiler-interface from component compiler for Scala 2.11.4
Other repositories:
Default repositories:
Running cached compiler 7bb96f90, interfacing (CompilerInterface) with Scala compiler version 2.11.4
Calling Scala compiler with arguments  (CompilerInterface):
	-deprecation
	-unchecked
	-encoding
	utf8
	-bootclasspath
	C:\Progra~1\Java\jdk1.7.0_71\jre\lib\resources.jar;C:\Progra~1\Java\jdk1.7.0_71\jre\lib\rt.jar;C:\Progra~1\Java\jdk1.7.0_71\jre\lib\sunrsasign.jar;C:\Progra~1\Java\jdk1.7.0_71\jre\lib\jsse.jar;C:\Progra~1\Java\jdk1.7.0_71\jre\lib\jce.jar;C:\Progra~1\Java\jdk1.7.0_71\jre\lib\charsets.jar;C:\Progra~1\Java\jdk1.7.0_71\jre\lib\jfr.jar;C:\Progra~1\Java\jdk1.7.0_71\jre\classes;C:\Users\Jorian\.ivy2\cache\org.scala-lang\scala-library\jars\scala-library-2.11.4.jar
	-classpath
	C:\Users\Jorian\Workspace-eclipse\NandaNicNoc\target\scala-2.11\classes;C:\Users\Jorian\Workspace-eclipse\NandaNicNoc\lib\mysql-connector-java-5.1.35-bin.jar;C:\Users\Jorian\Workspace-eclipse\NandaNicNoc\lib\poi-3.11-20141221.jar;C:\Users\Jorian\.ivy2\cache\com.typesafe.play\twirl-api_2.11\jars\twirl-api_2.11-1.0.2.jar;C:\Users\Jorian\.ivy2\cache\org.apache.commons\commons-lang3\jars\commons-lang3-3.1.jar;C:\Users\Jorian\.ivy2\cache\org.scala-lang.modules\scala-xml_2.11\bundles\scala-xml_2.11-1.0.1.jar;C:\Users\Jorian\.ivy2\cache\com.typesafe.play\play_2.11\jars\play_2.11-2.3.9.jar;C:\Users\Jorian\.ivy2\cache\com.typesafe.play\build-link\jars\build-link-2.3.9.jar;C:\Users\Jorian\.ivy2\cache\com.typesafe.play\play-exceptions\jars\play-exceptions-2.3.9.jar;C:\Users\Jorian\.ivy2\cache\com.typesafe.play\play-iteratees_2.11\jars\play-iteratees_2.11-2.3.9.jar;C:\Users\Jorian\.ivy2\cache\org.scala-stm\scala-stm_2.11\jars\scala-stm_2.11-0.7.jar;C:\Users\Jorian\.ivy2\cache\com.typesafe\config\bundles\config-1.2.1.jar;C:\Users\Jorian\.ivy2\cache\com.typesafe.play\play-json_2.11\jars\play-json_2.11-2.3.9.jar;C:\Users\Jorian\.ivy2\cache\com.typesafe.play\play-functional_2.11\jars\play-functional_2.11-2.3.9.jar;C:\Users\Jorian\.ivy2\cache\com.typesafe.play\play-datacommons_2.11\jars\play-datacommons_2.11-2.3.9.jar;C:\Users\Jorian\.ivy2\cache\joda-time\joda-time\jars\joda-time-2.3.jar;C:\Users\Jorian\.ivy2\cache\org.joda\joda-convert\jars\joda-convert-1.6.jar;C:\Users\Jorian\.ivy2\cache\com.fasterxml.jackson.core\jackson-annotations\bundles\jackson-annotations-2.3.2.jar;C:\Users\Jorian\.ivy2\cache\com.fasterxml.jackson.core\jackson-core\bundles\jackson-core-2.3.2.jar;C:\Users\Jorian\.ivy2\cache\com.fasterxml.jackson.core\jackson-databind\bundles\jackson-databind-2.3.2.jar;C:\Users\Jorian\.ivy2\cache\org.scala-lang\scala-reflect\jars\scala-reflect-2.11.1.jar;C:\Users\Jorian\.ivy2\cache\org.scala-lang.modules\scala-parser-combinators_2.11\bundles\scala-parser-combinators_2.11-1.0.1.jar;C:\Users\Jorian\.ivy2\cache\io.netty\netty\bundles\netty-3.9.8.Final.jar;C:\Users\Jorian\.ivy2\cache\com.typesafe.netty\netty-http-pipelining\jars\netty-http-pipelining-1.1.2.jar;C:\Users\Jorian\.ivy2\cache\org.slf4j\slf4j-api\jars\slf4j-api-1.7.6.jar;C:\Users\Jorian\.ivy2\cache\org.slf4j\jul-to-slf4j\jars\jul-to-slf4j-1.7.6.jar;C:\Users\Jorian\.ivy2\cache\org.slf4j\jcl-over-slf4j\jars\jcl-over-slf4j-1.7.6.jar;C:\Users\Jorian\.ivy2\cache\ch.qos.logback\logback-core\jars\logback-core-1.1.1.jar;C:\Users\Jorian\.ivy2\cache\ch.qos.logback\logback-classic\jars\logback-classic-1.1.1.jar;C:\Users\Jorian\.ivy2\cache\com.typesafe.akka\akka-actor_2.11\jars\akka-actor_2.11-2.3.4.jar;C:\Users\Jorian\.ivy2\cache\com.typesafe.akka\akka-slf4j_2.11\jars\akka-slf4j_2.11-2.3.4.jar;C:\Users\Jorian\.ivy2\cache\commons-codec\commons-codec\jars\commons-codec-1.9.jar;C:\Users\Jorian\.ivy2\cache\xerces\xercesImpl\jars\xercesImpl-2.11.0.jar;C:\Users\Jorian\.ivy2\cache\xml-apis\xml-apis\jars\xml-apis-1.4.01.jar;C:\Users\Jorian\.ivy2\cache\javax.transaction\jta\jars\jta-1.1.jar;C:\Users\Jorian\.ivy2\cache\com.typesafe.play\play-java_2.11\jars\play-java_2.11-2.3.9.jar;C:\Users\Jorian\.ivy2\cache\org.yaml\snakeyaml\bundles\snakeyaml-1.13.jar;C:\Users\Jorian\.ivy2\cache\org.hibernate\hibernate-validator\jars\hibernate-validator-5.0.3.Final.jar;C:\Users\Jorian\.ivy2\cache\javax.validation\validation-api\jars\validation-api-1.1.0.Final.jar;C:\Users\Jorian\.ivy2\cache\com.fasterxml\classmate\bundles\classmate-1.0.0.jar;C:\Users\Jorian\.ivy2\cache\org.jboss.logging\jboss-logging\jars\jboss-logging-3.2.0.Final.jar;C:\Users\Jorian\.ivy2\cache\org.springframework\spring-context\jars\spring-context-4.0.3.RELEASE.jar;C:\Users\Jorian\.ivy2\cache\org.springframework\spring-core\jars\spring-core-4.0.3.RELEASE.jar;C:\Users\Jorian\.ivy2\cache\org.springframework\spring-beans\jars\spring-beans-4.0.3.RELEASE.jar;C:\Users\Jorian\.ivy2\cache\org.javassist\javassist\bundles\javassist-3.19.0-GA.jar;C:\Users\Jorian\.ivy2\cache\org.reflections\reflections\jars\reflections-0.9.8.jar;C:\Users\Jorian\.ivy2\cache\com.google.guava\guava\bundles\guava-16.0.1.jar;C:\Users\Jorian\.ivy2\cache\dom4j\dom4j\jars\dom4j-1.6.1.jar;C:\Users\Jorian\.ivy2\cache\com.google.code.findbugs\jsr305\jars\jsr305-2.0.3.jar;C:\Users\Jorian\.ivy2\cache\org.apache.tomcat\tomcat-servlet-api\jars\tomcat-servlet-api-8.0.5.jar;C:\Users\Jorian\.ivy2\cache\com.typesafe.play\play-jdbc_2.11\jars\play-jdbc_2.11-2.3.9.jar;C:\Users\Jorian\.ivy2\cache\com.jolbox\bonecp\bundles\bonecp-0.8.0.RELEASE.jar;C:\Users\Jorian\.ivy2\cache\com.h2database\h2\jars\h2-1.3.175.jar;C:\Users\Jorian\.ivy2\cache\tyrex\tyrex\jars\tyrex-1.0.1.jar;C:\Users\Jorian\.ivy2\cache\com.typesafe.play\play-java-ebean_2.11\jars\play-java-ebean_2.11-2.3.9.jar;C:\Users\Jorian\.ivy2\cache\com.typesafe.play\play-java-jdbc_2.11\jars\play-java-jdbc_2.11-2.3.9.jar;C:\Users\Jorian\.ivy2\cache\org.avaje.ebeanorm\avaje-ebeanorm\jars\avaje-ebeanorm-3.3.4.jar;C:\Users\Jorian\.ivy2\cache\org.avaje.ebeanorm\avaje-ebeanorm-agent\jars\avaje-ebeanorm-agent-3.2.2.jar;C:\Users\Jorian\.ivy2\cache\org.hibernate.javax.persistence\hibernate-jpa-2.0-api\jars\hibernate-jpa-2.0-api-1.0.1.Final.jar;C:\Users\Jorian\.ivy2\cache\org.webjars\jquery\jars\jquery-2.1.1.jar;C:\Users\Jorian\.ivy2\cache\org.webjars\bootstrap\jars\bootstrap-3.3.1.jar
Scala compilation took 2.62024801 s
New invalidations:
	Set()
Initial set of included nodes: Set()
Previously invalidated, but (transitively) depend on new invalidations:
	Set()
All newly invalidated sources after taking into account (previously) recompiled sources:Set()
Total time: 5 s, completed 6-jun-2015 17:54:13
> server-post-command-cleanup
> server-handle-next-server-request
> jobStop 2
Evaluating tasks: *:jobStop
Running task... Cancel: sbt.server.ServerTaskCancellation@154b7bf, check cycles: false
Total time: 0 s, completed 6-jun-2015 17:54:13
> server-post-command-cleanup
> server-handle-next-server-request
> backgroundRun
Evaluating tasks: compile:backgroundRun
Running task... Cancel: sbt.server.ServerTaskCancellation@2f413615, check cycles: false
Total time: 0 s, completed 6-jun-2015 17:54:14
> server-post-command-cleanup
> server-handle-next-server-request
> {file:/C:/Users/Jorian/Workspace-eclipse/NandaNicNoc/}root/*:playForkConfig
Evaluating tasks: *:playForkConfig
Running task... Cancel: sbt.server.ServerTaskCancellation@3fa3f77c, check cycles: false
Total time: 1 s, completed 6-jun-2015 17:54:19
> server-post-command-cleanup
> server-handle-next-server-request
> root/playForkNotifyStart http://localhost:9000
Evaluating tasks: *:playForkNotifyStart
Running task... Cancel: sbt.server.ServerTaskCancellation@1bb80770, check cycles: false
Total time: 0 s, completed 6-jun-2015 17:54:20
> server-post-command-cleanup
> server-handle-next-server-request
> {file:/C:/Users/Jorian/Workspace-eclipse/NandaNicNoc/}root/*:playForkReload
Evaluating tasks: *:playForkReload
Running task... Cancel: sbt.server.ServerTaskCancellation@43bc2fab, check cycles: false

Initial source changes: 
	removed:Set()
	added: Set()
	modified: Set()
Removed products: Set()
External API changes: API Changes: Set()
Modified binary dependencies: Set()
Initial directly invalidated sources: Set()

Sources indirectly invalidated by:
	product: Set()
	binary dep: Set()
	external source: Set()
All initially invalidated sources: Set()

Copy resource mappings: 
	(C:\Users\Jorian\Workspace-eclipse\NandaNicNoc\conf\application.conf,C:\Users\Jorian\Workspace-eclipse\NandaNicNoc\target\scala-2.11\classes\application.conf)
	(C:\Users\Jorian\Workspace-eclipse\NandaNicNoc\conf\evolutions,C:\Users\Jorian\Workspace-eclipse\NandaNicNoc\target\scala-2.11\classes\evolutions)
	(C:\Users\Jorian\Workspace-eclipse\NandaNicNoc\conf\logger.xml,C:\Users\Jorian\Workspace-eclipse\NandaNicNoc\target\scala-2.11\classes\logger.xml)
	(C:\Users\Jorian\Workspace-eclipse\NandaNicNoc\conf\messages,C:\Users\Jorian\Workspace-eclipse\NandaNicNoc\target\scala-2.11\classes\messages)
	(C:\Users\Jorian\Workspace-eclipse\NandaNicNoc\conf\nanda.sql,C:\Users\Jorian\Workspace-eclipse\NandaNicNoc\target\scala-2.11\classes\nanda.sql)
	(C:\Users\Jorian\Workspace-eclipse\NandaNicNoc\conf\routes,C:\Users\Jorian\Workspace-eclipse\NandaNicNoc\target\scala-2.11\classes\routes)
	(C:\Users\Jorian\Workspace-eclipse\NandaNicNoc\conf\evolutions\default,C:\Users\Jorian\Workspace-eclipse\NandaNicNoc\target\scala-2.11\classes\evolutions\default)
	(C:\Users\Jorian\Workspace-eclipse\NandaNicNoc\conf\evolutions\default\1.sql,C:\Users\Jorian\Workspace-eclipse\NandaNicNoc\target\scala-2.11\classes\evolutions\default\1.sql)
	(C:\Users\Jorian\Workspace-eclipse\NandaNicNoc\conf\evolutions\default\2.sql,C:\Users\Jorian\Workspace-eclipse\NandaNicNoc\target\scala-2.11\classes\evolutions\default\2.sql)
	(C:\Users\Jorian\Workspace-eclipse\NandaNicNoc\conf\evolutions\default\3.sql,C:\Users\Jorian\Workspace-eclipse\NandaNicNoc\target\scala-2.11\classes\evolutions\default\3.sql)
Total time: 2 s, completed 6-jun-2015 17:55:02
> server-post-command-cleanup
> server-handle-next-server-request
> compile
Evaluating tasks: compile:compile
Running task... Cancel: sbt.server.ServerTaskCancellation@13c3ecf0, check cycles: false

Initial source changes: 
	removed:Set(C:\Users\Jorian\Workspace-eclipse\NandaNicNoc\target\scala-2.11\twirl\main\views\html\bepalendkenmerkdiagnose.template.scala, C:\Users\Jorian\Workspace-eclipse\NandaNicNoc\target\scala-2.11\twirl\main\views\html\samenhangendefactor.template.scala, C:\Users\Jorian\Workspace-eclipse\NandaNicNoc\target\scala-2.11\twirl\main\views\html\bepalendkenmerk.template.scala, C:\Users\Jorian\Workspace-eclipse\NandaNicNoc\target\scala-2.11\twirl\main\views\html\risicofactor.template.scala, C:\Users\Jorian\Workspace-eclipse\NandaNicNoc\target\scala-2.11\twirl\main\views\html\nic.template.scala, C:\Users\Jorian\Workspace-eclipse\NandaNicNoc\target\scala-2.11\twirl\main\views\html\nic_diagnose.template.scala)
	added: Set(C:\Users\Jorian\Workspace-eclipse\NandaNicNoc\target\scala-2.11\twirl\main\views\html\verpleegkundigeCasuslist.template.scala, C:\Users\Jorian\Workspace-eclipse\NandaNicNoc\app\controllers\VerpleegkundigeApplication.java)
	modified: Set(C:\Users\Jorian\Workspace-eclipse\NandaNicNoc\app\models\Risicofactor.java, C:\Users\Jorian\Workspace-eclipse\NandaNicNoc\app\models\Nocoverzicht.java, C:\Users\Jorian\Workspace-eclipse\NandaNicNoc\app\controllers\CasusApplication.java, C:\Users\Jorian\Workspace-eclipse\NandaNicNoc\target\scala-2.11\src_managed\main\routes_routing.scala, C:\Users\Jorian\Workspace-eclipse\NandaNicNoc\target\scala-2.11\twirl\main\views\html\editForm.template.scala, C:\Users\Jorian\Workspace-eclipse\NandaNicNoc\app\controllers\ImportExcel.java, C:\Users\Jorian\Workspace-eclipse\NandaNicNoc\target\scala-2.11\src_managed\main\controllers\routes.java, C:\Users\Jorian\Workspace-eclipse\NandaNicNoc\target\scala-2.11\twirl\main\views\html\main.template.scala, C:\Users\Jorian\Workspace-eclipse\NandaNicNoc\app\controllers\Application.java, C:\Users\Jorian\Workspace-eclipse\NandaNicNoc\app\models\Noc.java, C:\Users\Jorian\Workspace-eclipse\NandaNicNoc\target\scala-2.11\src_managed\main\routes_reverseRouting.scala)
Removed products: Set()
External API changes: API Changes: Set()
Modified binary dependencies: Set()
Initial directly invalidated sources: Set(C:\Users\Jorian\Workspace-eclipse\NandaNicNoc\app\models\Risicofactor.java, C:\Users\Jorian\Workspace-eclipse\NandaNicNoc\app\models\Nocoverzicht.java, C:\Users\Jorian\Workspace-eclipse\NandaNicNoc\target\scala-2.11\twirl\main\views\html\verpleegkundigeCasuslist.template.scala, C:\Users\Jorian\Workspace-eclipse\NandaNicNoc\app\controllers\CasusApplication.java, C:\Users\Jorian\Workspace-eclipse\NandaNicNoc\target\scala-2.11\src_managed\main\routes_routing.scala, C:\Users\Jorian\Workspace-eclipse\NandaNicNoc\target\scala-2.11\twirl\main\views\html\bepalendkenmerkdiagnose.template.scala, C:\Users\Jorian\Workspace-eclipse\NandaNicNoc\app\controllers\VerpleegkundigeApplication.java, C:\Users\Jorian\Workspace-eclipse\NandaNicNoc\target\scala-2.11\twirl\main\views\html\samenhangendefactor.template.scala, C:\Users\Jorian\Workspace-eclipse\NandaNicNoc\target\scala-2.11\twirl\main\views\html\editForm.template.scala, C:\Users\Jorian\Workspace-eclipse\NandaNicNoc\target\scala-2.11\twirl\main\views\html\bepalendkenmerk.template.scala, C:\Users\Jorian\Workspace-eclipse\NandaNicNoc\target\scala-2.11\twirl\main\views\html\risicofactor.template.scala, C:\Users\Jorian\Workspace-eclipse\NandaNicNoc\app\controllers\ImportExcel.java, C:\Users\Jorian\Workspace-eclipse\NandaNicNoc\target\scala-2.11\twirl\main\views\html\nic.template.scala, C:\Users\Jorian\Workspace-eclipse\NandaNicNoc\target\scala-2.11\src_managed\main\controllers\routes.java, C:\Users\Jorian\Workspace-eclipse\NandaNicNoc\target\scala-2.11\twirl\main\views\html\main.template.scala, C:\Users\Jorian\Workspace-eclipse\NandaNicNoc\app\controllers\Application.java, C:\Users\Jorian\Workspace-eclipse\NandaNicNoc\target\scala-2.11\twirl\main\views\html\nic_diagnose.template.scala, C:\Users\Jorian\Workspace-eclipse\NandaNicNoc\app\models\Noc.java, C:\Users\Jorian\Workspace-eclipse\NandaNicNoc\target\scala-2.11\src_managed\main\routes_reverseRouting.scala)

Sources indirectly invalidated by:
	product: Set()
	binary dep: Set()
	external source: Set()
All initially invalidated sources: Set(C:\Users\Jorian\Workspace-eclipse\NandaNicNoc\app\models\Risicofactor.java, C:\Users\Jorian\Workspace-eclipse\NandaNicNoc\app\models\Nocoverzicht.java, C:\Users\Jorian\Workspace-eclipse\NandaNicNoc\target\scala-2.11\twirl\main\views\html\verpleegkundigeCasuslist.template.scala, C:\Users\Jorian\Workspace-eclipse\NandaNicNoc\app\controllers\CasusApplication.java, C:\Users\Jorian\Workspace-eclipse\NandaNicNoc\target\scala-2.11\src_managed\main\routes_routing.scala, C:\Users\Jorian\Workspace-eclipse\NandaNicNoc\target\scala-2.11\twirl\main\views\html\bepalendkenmerkdiagnose.template.scala, C:\Users\Jorian\Workspace-eclipse\NandaNicNoc\app\controllers\VerpleegkundigeApplication.java, C:\Users\Jorian\Workspace-eclipse\NandaNicNoc\target\scala-2.11\twirl\main\views\html\samenhangendefactor.template.scala, C:\Users\Jorian\Workspace-eclipse\NandaNicNoc\target\scala-2.11\twirl\main\views\html\editForm.template.scala, C:\Users\Jorian\Workspace-eclipse\NandaNicNoc\target\scala-2.11\twirl\main\views\html\bepalendkenmerk.template.scala, C:\Users\Jorian\Workspace-eclipse\NandaNicNoc\target\scala-2.11\twirl\main\views\html\risicofactor.template.scala, C:\Users\Jorian\Workspace-eclipse\NandaNicNoc\app\controllers\ImportExcel.java, C:\Users\Jorian\Workspace-eclipse\NandaNicNoc\target\scala-2.11\twirl\main\views\html\nic.template.scala, C:\Users\Jorian\Workspace-eclipse\NandaNicNoc\target\scala-2.11\src_managed\main\controllers\routes.java, C:\Users\Jorian\Workspace-eclipse\NandaNicNoc\target\scala-2.11\twirl\main\views\html\main.template.scala, C:\Users\Jorian\Workspace-eclipse\NandaNicNoc\app\controllers\Application.java, C:\Users\Jorian\Workspace-eclipse\NandaNicNoc\target\scala-2.11\twirl\main\views\html\nic_diagnose.template.scala, C:\Users\Jorian\Workspace-eclipse\NandaNicNoc\app\models\Noc.java, C:\Users\Jorian\Workspace-eclipse\NandaNicNoc\target\scala-2.11\src_managed\main\routes_reverseRouting.scala)

Read from stdout: Compiling 5 Scala sources and 8 Java sources to C:\Users\Jorian\Workspace-eclipse\NandaNicNoc\target\scala-2.11\classes...
Compiling 5 Scala sources and 8 Java sources to C:\Users\Jorian\Workspace-eclipse\NandaNicNoc\target\scala-2.11\classes...
Getting compiler-interface from component compiler for Scala 2.11.4
Other repositories:
Default repositories:
Getting compiler-interface from component compiler for Scala 2.11.4
Other repositories:
Default repositories:
Running cached compiler 69b65d0, interfacing (CompilerInterface) with Scala compiler version 2.11.4
Calling Scala compiler with arguments  (CompilerInterface):
	-deprecation
	-unchecked
	-encoding
	utf8
	-bootclasspath
	C:\Progra~1\Java\jdk1.7.0_71\jre\lib\resources.jar;C:\Progra~1\Java\jdk1.7.0_71\jre\lib\rt.jar;C:\Progra~1\Java\jdk1.7.0_71\jre\lib\sunrsasign.jar;C:\Progra~1\Java\jdk1.7.0_71\jre\lib\jsse.jar;C:\Progra~1\Java\jdk1.7.0_71\jre\lib\jce.jar;C:\Progra~1\Java\jdk1.7.0_71\jre\lib\charsets.jar;C:\Progra~1\Java\jdk1.7.0_71\jre\lib\jfr.jar;C:\Progra~1\Java\jdk1.7.0_71\jre\classes;C:\Users\Jorian\.ivy2\cache\org.scala-lang\scala-library\jars\scala-library-2.11.4.jar
	-classpath
	C:\Users\Jorian\Workspace-eclipse\NandaNicNoc\target\scala-2.11\classes;C:\Users\Jorian\Workspace-eclipse\NandaNicNoc\lib\mysql-connector-java-5.1.35-bin.jar;C:\Users\Jorian\Workspace-eclipse\NandaNicNoc\lib\poi-3.11-20141221.jar;C:\Users\Jorian\.ivy2\cache\com.typesafe.play\twirl-api_2.11\jars\twirl-api_2.11-1.0.2.jar;C:\Users\Jorian\.ivy2\cache\org.apache.commons\commons-lang3\jars\commons-lang3-3.1.jar;C:\Users\Jorian\.ivy2\cache\org.scala-lang.modules\scala-xml_2.11\bundles\scala-xml_2.11-1.0.1.jar;C:\Users\Jorian\.ivy2\cache\com.typesafe.play\play_2.11\jars\play_2.11-2.3.9.jar;C:\Users\Jorian\.ivy2\cache\com.typesafe.play\build-link\jars\build-link-2.3.9.jar;C:\Users\Jorian\.ivy2\cache\com.typesafe.play\play-exceptions\jars\play-exceptions-2.3.9.jar;C:\Users\Jorian\.ivy2\cache\com.typesafe.play\play-iteratees_2.11\jars\play-iteratees_2.11-2.3.9.jar;C:\Users\Jorian\.ivy2\cache\org.scala-stm\scala-stm_2.11\jars\scala-stm_2.11-0.7.jar;C:\Users\Jorian\.ivy2\cache\com.typesafe\config\bundles\config-1.2.1.jar;C:\Users\Jorian\.ivy2\cache\com.typesafe.play\play-json_2.11\jars\play-json_2.11-2.3.9.jar;C:\Users\Jorian\.ivy2\cache\com.typesafe.play\play-functional_2.11\jars\play-functional_2.11-2.3.9.jar;C:\Users\Jorian\.ivy2\cache\com.typesafe.play\play-datacommons_2.11\jars\play-datacommons_2.11-2.3.9.jar;C:\Users\Jorian\.ivy2\cache\joda-time\joda-time\jars\joda-time-2.3.jar;C:\Users\Jorian\.ivy2\cache\org.joda\joda-convert\jars\joda-convert-1.6.jar;C:\Users\Jorian\.ivy2\cache\com.fasterxml.jackson.core\jackson-annotations\bundles\jackson-annotations-2.3.2.jar;C:\Users\Jorian\.ivy2\cache\com.fasterxml.jackson.core\jackson-core\bundles\jackson-core-2.3.2.jar;C:\Users\Jorian\.ivy2\cache\com.fasterxml.jackson.core\jackson-databind\bundles\jackson-databind-2.3.2.jar;C:\Users\Jorian\.ivy2\cache\org.scala-lang\scala-reflect\jars\scala-reflect-2.11.1.jar;C:\Users\Jorian\.ivy2\cache\org.scala-lang.modules\scala-parser-combinators_2.11\bundles\scala-parser-combinators_2.11-1.0.1.jar;C:\Users\Jorian\.ivy2\cache\io.netty\netty\bundles\netty-3.9.8.Final.jar;C:\Users\Jorian\.ivy2\cache\com.typesafe.netty\netty-http-pipelining\jars\netty-http-pipelining-1.1.2.jar;C:\Users\Jorian\.ivy2\cache\org.slf4j\slf4j-api\jars\slf4j-api-1.7.6.jar;C:\Users\Jorian\.ivy2\cache\org.slf4j\jul-to-slf4j\jars\jul-to-slf4j-1.7.6.jar;C:\Users\Jorian\.ivy2\cache\org.slf4j\jcl-over-slf4j\jars\jcl-over-slf4j-1.7.6.jar;C:\Users\Jorian\.ivy2\cache\ch.qos.logback\logback-core\jars\logback-core-1.1.1.jar;C:\Users\Jorian\.ivy2\cache\ch.qos.logback\logback-classic\jars\logback-classic-1.1.1.jar;C:\Users\Jorian\.ivy2\cache\com.typesafe.akka\akka-actor_2.11\jars\akka-actor_2.11-2.3.4.jar;C:\Users\Jorian\.ivy2\cache\com.typesafe.akka\akka-slf4j_2.11\jars\akka-slf4j_2.11-2.3.4.jar;C:\Users\Jorian\.ivy2\cache\commons-codec\commons-codec\jars\commons-codec-1.9.jar;C:\Users\Jorian\.ivy2\cache\xerces\xercesImpl\jars\xercesImpl-2.11.0.jar;C:\Users\Jorian\.ivy2\cache\xml-apis\xml-apis\jars\xml-apis-1.4.01.jar;C:\Users\Jorian\.ivy2\cache\javax.transaction\jta\jars\jta-1.1.jar;C:\Users\Jorian\.ivy2\cache\com.typesafe.play\play-java_2.11\jars\play-java_2.11-2.3.9.jar;C:\Users\Jorian\.ivy2\cache\org.yaml\snakeyaml\bundles\snakeyaml-1.13.jar;C:\Users\Jorian\.ivy2\cache\org.hibernate\hibernate-validator\jars\hibernate-validator-5.0.3.Final.jar;C:\Users\Jorian\.ivy2\cache\javax.validation\validation-api\jars\validation-api-1.1.0.Final.jar;C:\Users\Jorian\.ivy2\cache\com.fasterxml\classmate\bundles\classmate-1.0.0.jar;C:\Users\Jorian\.ivy2\cache\org.jboss.logging\jboss-logging\jars\jboss-logging-3.2.0.Final.jar;C:\Users\Jorian\.ivy2\cache\org.springframework\spring-context\jars\spring-context-4.0.3.RELEASE.jar;C:\Users\Jorian\.ivy2\cache\org.springframework\spring-core\jars\spring-core-4.0.3.RELEASE.jar;C:\Users\Jorian\.ivy2\cache\org.springframework\spring-beans\jars\spring-beans-4.0.3.RELEASE.jar;C:\Users\Jorian\.ivy2\cache\org.javassist\javassist\bundles\javassist-3.19.0-GA.jar;C:\Users\Jorian\.ivy2\cache\org.reflections\reflections\jars\reflections-0.9.8.jar;C:\Users\Jorian\.ivy2\cache\com.google.guava\guava\bundles\guava-16.0.1.jar;C:\Users\Jorian\.ivy2\cache\dom4j\dom4j\jars\dom4j-1.6.1.jar;C:\Users\Jorian\.ivy2\cache\com.google.code.findbugs\jsr305\jars\jsr305-2.0.3.jar;C:\Users\Jorian\.ivy2\cache\org.apache.tomcat\tomcat-servlet-api\jars\tomcat-servlet-api-8.0.5.jar;C:\Users\Jorian\.ivy2\cache\com.typesafe.play\play-jdbc_2.11\jars\play-jdbc_2.11-2.3.9.jar;C:\Users\Jorian\.ivy2\cache\com.jolbox\bonecp\bundles\bonecp-0.8.0.RELEASE.jar;C:\Users\Jorian\.ivy2\cache\com.h2database\h2\jars\h2-1.3.175.jar;C:\Users\Jorian\.ivy2\cache\tyrex\tyrex\jars\tyrex-1.0.1.jar;C:\Users\Jorian\.ivy2\cache\com.typesafe.play\play-java-ebean_2.11\jars\play-java-ebean_2.11-2.3.9.jar;C:\Users\Jorian\.ivy2\cache\com.typesafe.play\play-java-jdbc_2.11\jars\play-java-jdbc_2.11-2.3.9.jar;C:\Users\Jorian\.ivy2\cache\org.avaje.ebeanorm\avaje-ebeanorm\jars\avaje-ebeanorm-3.3.4.jar;C:\Users\Jorian\.ivy2\cache\org.avaje.ebeanorm\avaje-ebeanorm-agent\jars\avaje-ebeanorm-agent-3.2.2.jar;C:\Users\Jorian\.ivy2\cache\org.hibernate.javax.persistence\hibernate-jpa-2.0-api\jars\hibernate-jpa-2.0-api-1.0.1.Final.jar;C:\Users\Jorian\.ivy2\cache\org.webjars\jquery\jars\jquery-2.1.1.jar;C:\Users\Jorian\.ivy2\cache\org.webjars\bootstrap\jars\bootstrap-3.3.1.jar
Read from stdout: C:\Users\Jorian\Workspace-eclipse\NandaNicNoc\app\controllers\Application.java:29: illegal start of type
C:\Users\Jorian\Workspace-eclipse\NandaNicNoc\app\controllers\Application.java:29: illegal start of type
Read from stdout: <<<<<<< HEAD
<<<<<<< HEAD
Read from stdout: ^
^
Read from stdout: C:\Users\Jorian\Workspace-eclipse\NandaNicNoc\app\controllers\Application.java:360: identifier expected but `}' found.
C:\Users\Jorian\Workspace-eclipse\NandaNicNoc\app\controllers\Application.java:360: identifier expected but `}' found.
Read from stdout: }
}
Read from stdout: ^
^
Read from stdout: two errors found
two errors found
Compilation failed (CompilerInterface)
Read from stdout: (compile:compileIncremental) Compilation failed
(compile:compileIncremental) Compilation failed
Total time: 6 s, completed 6-jun-2015 18:02:59
> server-post-command-error-handler
> server-post-command-cleanup
> server-handle-next-server-request
Done executing sbt server engine, result Right(Exit(0))
Closing listening server socket
Waiting for socket thread
Waiting for request processor thread
Waiting for command engine result
Returning control to sbt launcher with result Exit(0)
Closing the 9628@PC-Jorian logs at Sat Jun 06 18:02:59 CEST 2015, goodbye.
